<?xml version="1.0" encoding="UTF-8"?>
<coverage generated="1779202752539" clover="3.2.0">
  <project timestamp="1779202752539" name="All files">
    <metrics statements="262" coveredstatements="233" conditionals="168" coveredconditionals="142" methods="91" coveredmethods="85" elements="521" coveredelements="460" complexity="0" loc="262" ncloc="262" packages="5" files="31" classes="31"/>
    <package name="assets.popularCategories">
      <metrics statements="6" coveredstatements="6" conditionals="0" coveredconditionals="0" methods="0" coveredmethods="0"/>
      <file name="astrology.webp" path="/Users/ahmedozdogan/Desktop/Github/helphub-web/helphub-webapp/assets/popularCategories/astrology.webp">
        <metrics statements="1" coveredstatements="1" conditionals="0" coveredconditionals="0" methods="0" coveredmethods="0"/>
        <line num="1" count="1" type="stmt"/>
      </file>
      <file name="child.webp" path="/Users/ahmedozdogan/Desktop/Github/helphub-web/helphub-webapp/assets/popularCategories/child.webp">
        <metrics statements="1" coveredstatements="1" conditionals="0" coveredconditionals="0" methods="0" coveredmethods="0"/>
        <line num="1" count="1" type="stmt"/>
      </file>
      <file name="dietician.webp" path="/Users/ahmedozdogan/Desktop/Github/helphub-web/helphub-webapp/assets/popularCategories/dietician.webp">
        <metrics statements="1" coveredstatements="1" conditionals="0" coveredconditionals="0" methods="0" coveredmethods="0"/>
        <line num="1" count="1" type="stmt"/>
      </file>
      <file name="family.webp" path="/Users/ahmedozdogan/Desktop/Github/helphub-web/helphub-webapp/assets/popularCategories/family.webp">
        <metrics statements="1" coveredstatements="1" conditionals="0" coveredconditionals="0" methods="0" coveredmethods="0"/>
        <line num="1" count="1" type="stmt"/>
      </file>
      <file name="lifeCoach.webp" path="/Users/ahmedozdogan/Desktop/Github/helphub-web/helphub-webapp/assets/popularCategories/lifeCoach.webp">
        <metrics statements="1" coveredstatements="1" conditionals="0" coveredconditionals="0" methods="0" coveredmethods="0"/>
        <line num="1" count="1" type="stmt"/>
      </file>
      <file name="psychology.webp" path="/Users/ahmedozdogan/Desktop/Github/helphub-web/helphub-webapp/assets/popularCategories/psychology.webp">
        <metrics statements="1" coveredstatements="1" conditionals="0" coveredconditionals="0" methods="0" coveredmethods="0"/>
        <line num="1" count="1" type="stmt"/>
      </file>
    </package>
    <package name="assets.slider">
      <metrics statements="9" coveredstatements="9" conditionals="0" coveredconditionals="0" methods="0" coveredmethods="0"/>
      <file name="slider1-mobile.webp" path="/Users/ahmedozdogan/Desktop/Github/helphub-web/helphub-webapp/assets/slider/slider1-mobile.webp">
        <metrics statements="1" coveredstatements="1" conditionals="0" coveredconditionals="0" methods="0" coveredmethods="0"/>
        <line num="1" count="1" type="stmt"/>
      </file>
      <file name="slider1.webp" path="/Users/ahmedozdogan/Desktop/Github/helphub-web/helphub-webapp/assets/slider/slider1.webp">
        <metrics statements="1" coveredstatements="1" conditionals="0" coveredconditionals="0" methods="0" coveredmethods="0"/>
        <line num="1" count="1" type="stmt"/>
      </file>
      <file name="slider2-mobile.webp" path="/Users/ahmedozdogan/Desktop/Github/helphub-web/helphub-webapp/assets/slider/slider2-mobile.webp">
        <metrics statements="1" coveredstatements="1" conditionals="0" coveredconditionals="0" methods="0" coveredmethods="0"/>
        <line num="1" count="1" type="stmt"/>
      </file>
      <file name="slider2.webp" path="/Users/ahmedozdogan/Desktop/Github/helphub-web/helphub-webapp/assets/slider/slider2.webp">
        <metrics statements="1" coveredstatements="1" conditionals="0" coveredconditionals="0" methods="0" coveredmethods="0"/>
        <line num="1" count="1" type="stmt"/>
      </file>
      <file name="slider3-mobile.webp" path="/Users/ahmedozdogan/Desktop/Github/helphub-web/helphub-webapp/assets/slider/slider3-mobile.webp">
        <metrics statements="1" coveredstatements="1" conditionals="0" coveredconditionals="0" methods="0" coveredmethods="0"/>
        <line num="1" count="1" type="stmt"/>
      </file>
      <file name="slider3.webp" path="/Users/ahmedozdogan/Desktop/Github/helphub-web/helphub-webapp/assets/slider/slider3.webp">
        <metrics statements="1" coveredstatements="1" conditionals="0" coveredconditionals="0" methods="0" coveredmethods="0"/>
        <line num="1" count="1" type="stmt"/>
      </file>
      <file name="slider4-mobile.webp" path="/Users/ahmedozdogan/Desktop/Github/helphub-web/helphub-webapp/assets/slider/slider4-mobile.webp">
        <metrics statements="1" coveredstatements="1" conditionals="0" coveredconditionals="0" methods="0" coveredmethods="0"/>
        <line num="1" count="1" type="stmt"/>
      </file>
      <file name="slider4.webp" path="/Users/ahmedozdogan/Desktop/Github/helphub-web/helphub-webapp/assets/slider/slider4.webp">
        <metrics statements="1" coveredstatements="1" conditionals="0" coveredconditionals="0" methods="0" coveredmethods="0"/>
        <line num="1" count="1" type="stmt"/>
      </file>
      <file name="slider5.webp" path="/Users/ahmedozdogan/Desktop/Github/helphub-web/helphub-webapp/assets/slider/slider5.webp">
        <metrics statements="1" coveredstatements="1" conditionals="0" coveredconditionals="0" methods="0" coveredmethods="0"/>
        <line num="1" count="1" type="stmt"/>
      </file>
    </package>
    <package name="components">
      <metrics statements="241" coveredstatements="212" conditionals="147" coveredconditionals="123" methods="86" coveredmethods="80"/>
      <file name="Advantages.tsx" path="/Users/ahmedozdogan/Desktop/Github/helphub-web/helphub-webapp/components/Advantages.tsx">
        <metrics statements="2" coveredstatements="2" conditionals="0" coveredconditionals="0" methods="1" coveredmethods="1"/>
        <line num="7" count="11" type="stmt"/>
        <line num="8" count="11" type="stmt"/>
      </file>
      <file name="Companies.tsx" path="/Users/ahmedozdogan/Desktop/Github/helphub-web/helphub-webapp/components/Companies.tsx">
        <metrics statements="2" coveredstatements="2" conditionals="0" coveredconditionals="0" methods="1" coveredmethods="1"/>
        <line num="6" count="11" type="stmt"/>
        <line num="7" count="11" type="stmt"/>
      </file>
      <file name="Details.tsx" path="/Users/ahmedozdogan/Desktop/Github/helphub-web/helphub-webapp/components/Details.tsx">
        <metrics statements="2" coveredstatements="2" conditionals="0" coveredconditionals="0" methods="1" coveredmethods="1"/>
        <line num="4" count="5" type="stmt"/>
        <line num="5" count="5" type="stmt"/>
      </file>
      <file name="Footer.tsx" path="/Users/ahmedozdogan/Desktop/Github/helphub-web/helphub-webapp/components/Footer.tsx">
        <metrics statements="2" coveredstatements="2" conditionals="4" coveredconditionals="4" methods="1" coveredmethods="1"/>
        <line num="9" count="22" type="stmt"/>
        <line num="11" count="22" type="stmt"/>
      </file>
      <file name="HowItWorks.tsx" path="/Users/ahmedozdogan/Desktop/Github/helphub-web/helphub-webapp/components/HowItWorks.tsx">
        <metrics statements="2" coveredstatements="2" conditionals="0" coveredconditionals="0" methods="1" coveredmethods="1"/>
        <line num="6" count="5" type="stmt"/>
        <line num="7" count="5" type="stmt"/>
      </file>
      <file name="LanguageMenu.tsx" path="/Users/ahmedozdogan/Desktop/Github/helphub-web/helphub-webapp/components/LanguageMenu.tsx">
        <metrics statements="22" coveredstatements="20" conditionals="17" coveredconditionals="16" methods="10" coveredmethods="10"/>
        <line num="7" count="1" type="stmt"/>
        <line num="22" count="297" type="stmt"/>
        <line num="23" count="117" type="stmt"/>
        <line num="24" count="117" type="stmt"/>
        <line num="25" count="117" type="stmt"/>
        <line num="27" count="117" type="cond" truecount="2" falsecount="0"/>
        <line num="29" count="21" type="stmt"/>
        <line num="32" count="3" type="stmt"/>
        <line num="35" count="0" type="stmt"/>
        <line num="39" count="117" type="stmt"/>
        <line num="42" count="297" type="stmt"/>
        <line num="43" count="117" type="stmt"/>
        <line num="44" count="117" type="cond" truecount="1" falsecount="1"/>
        <line num="49" count="297" type="stmt"/>
        <line num="66" count="2" type="stmt"/>
        <line num="106" count="30" type="stmt"/>
        <line num="111" count="1" type="stmt"/>
        <line num="112" count="1" type="stmt"/>
        <line num="113" count="1" type="stmt"/>
        <line num="114" count="1" type="stmt"/>
        <line num="115" count="1" type="stmt"/>
        <line num="117" count="0" type="stmt"/>
      </file>
      <file name="Navbar.tsx" path="/Users/ahmedozdogan/Desktop/Github/helphub-web/helphub-webapp/components/Navbar.tsx">
        <metrics statements="91" coveredstatements="83" conditionals="62" coveredconditionals="58" methods="40" coveredmethods="37"/>
        <line num="17" count="101" type="stmt"/>
        <line num="18" count="101" type="stmt"/>
        <line num="21" count="101" type="stmt"/>
        <line num="23" count="101" type="stmt"/>
        <line num="26" count="101" type="stmt"/>
        <line num="29" count="101" type="stmt"/>
        <line num="32" count="101" type="stmt"/>
        <line num="35" count="101" type="stmt"/>
        <line num="36" count="0" type="cond" truecount="0" falsecount="2"/>
        <line num="37" count="0" type="stmt"/>
        <line num="38" count="0" type="stmt"/>
        <line num="40" count="0" type="stmt"/>
        <line num="41" count="0" type="stmt"/>
        <line num="45" count="101" type="stmt"/>
        <line num="46" count="0" type="stmt"/>
        <line num="47" count="0" type="stmt"/>
        <line num="49" count="0" type="stmt"/>
        <line num="53" count="101" type="stmt"/>
        <line num="56" count="101" type="stmt"/>
        <line num="57" count="8" type="cond" truecount="2" falsecount="0"/>
        <line num="58" count="2" type="stmt"/>
        <line num="59" count="2" type="stmt"/>
        <line num="61" count="8" type="stmt"/>
        <line num="65" count="101" type="stmt"/>
        <line num="66" count="6" type="stmt"/>
        <line num="67" count="4" type="stmt"/>
        <line num="72" count="101" type="stmt"/>
        <line num="73" count="101" type="stmt"/>
        <line num="75" count="101" type="stmt"/>
        <line num="99" count="101" type="stmt"/>
        <line num="100" count="7" type="cond" truecount="2" falsecount="0"/>
        <line num="104" count="101" type="stmt"/>
        <line num="105" count="66" type="stmt"/>
        <line num="107" count="66" type="cond" truecount="4" falsecount="0"/>
        <line num="108" count="63" type="stmt"/>
        <line num="111" count="3" type="stmt"/>
        <line num="112" count="3" type="stmt"/>
        <line num="113" count="3" type="stmt"/>
        <line num="115" count="3" type="stmt"/>
        <line num="116" count="3" type="stmt"/>
        <line num="117" count="3" type="stmt"/>
        <line num="118" count="3" type="stmt"/>
        <line num="119" count="3" type="stmt"/>
        <line num="121" count="3" type="cond" truecount="2" falsecount="0"/>
        <line num="122" count="1" type="cond" truecount="1" falsecount="1"/>
        <line num="123" count="1" type="stmt"/>
        <line num="124" count="1" type="stmt"/>
        <line num="125" count="1" type="stmt"/>
        <line num="128" count="1" type="stmt"/>
        <line num="129" count="1" type="stmt"/>
        <line num="132" count="3" type="stmt"/>
        <line num="133" count="3" type="stmt"/>
        <line num="135" count="3" type="cond" truecount="1" falsecount="1"/>
        <line num="136" count="3" type="cond" truecount="2" falsecount="0"/>
        <line num="137" count="3" type="cond" truecount="2" falsecount="0"/>
        <line num="138" count="3" type="cond" truecount="2" falsecount="0"/>
        <line num="141" count="3" type="stmt"/>
        <line num="142" count="3" type="stmt"/>
        <line num="146" count="101" type="stmt"/>
        <line num="188" count="5" type="stmt"/>
        <line num="216" count="1" type="stmt"/>
        <line num="217" count="1" type="stmt"/>
        <line num="237" count="1" type="stmt"/>
        <line num="238" count="1" type="stmt"/>
        <line num="303" count="4" type="stmt"/>
        <line num="311" count="1" type="stmt"/>
        <line num="319" count="1" type="stmt"/>
        <line num="326" count="1" type="stmt"/>
        <line num="348" count="1" type="stmt"/>
        <line num="354" count="24" type="stmt"/>
        <line num="365" count="112" type="stmt"/>
        <line num="390" count="20" type="stmt"/>
        <line num="413" count="4" type="stmt"/>
        <line num="462" count="1" type="stmt"/>
        <line num="463" count="1" type="stmt"/>
        <line num="482" count="1" type="stmt"/>
        <line num="483" count="1" type="stmt"/>
        <line num="513" count="1" type="stmt"/>
        <line num="514" count="1" type="stmt"/>
        <line num="520" count="1" type="stmt"/>
        <line num="547" count="1" type="stmt"/>
        <line num="562" count="100" type="stmt"/>
        <line num="564" count="100" type="stmt"/>
        <line num="572" count="7" type="stmt"/>
        <line num="595" count="18" type="stmt"/>
        <line num="599" count="1" type="stmt"/>
        <line num="609" count="94" type="stmt"/>
        <line num="612" count="1" type="stmt"/>
        <line num="639" count="1" type="stmt"/>
        <line num="651" count="1" type="stmt"/>
        <line num="663" count="1" type="stmt"/>
      </file>
      <file name="Numbers.tsx" path="/Users/ahmedozdogan/Desktop/Github/helphub-web/helphub-webapp/components/Numbers.tsx">
        <metrics statements="2" coveredstatements="2" conditionals="0" coveredconditionals="0" methods="1" coveredmethods="1"/>
        <line num="5" count="8" type="stmt"/>
        <line num="7" count="8" type="stmt"/>
      </file>
      <file name="PopulerCategories.tsx" path="/Users/ahmedozdogan/Desktop/Github/helphub-web/helphub-webapp/components/PopulerCategories.tsx">
        <metrics statements="2" coveredstatements="2" conditionals="0" coveredconditionals="0" methods="1" coveredmethods="1"/>
        <line num="15" count="4" type="stmt"/>
        <line num="16" count="4" type="stmt"/>
      </file>
      <file name="Slider.tsx" path="/Users/ahmedozdogan/Desktop/Github/helphub-web/helphub-webapp/components/Slider.tsx">
        <metrics statements="114" coveredstatements="95" conditionals="64" coveredconditionals="45" methods="29" coveredmethods="26"/>
        <line num="27" count="1" type="stmt"/>
        <line num="28" count="1" type="stmt"/>
        <line num="31" count="1" type="stmt"/>
        <line num="32" count="1" type="stmt"/>
        <line num="33" count="1" type="stmt"/>
        <line num="37" count="51" type="stmt"/>
        <line num="39" count="51" type="stmt"/>
        <line num="41" count="51" type="stmt"/>
        <line num="43" count="51" type="stmt"/>
        <line num="45" count="51" type="stmt"/>
        <line num="49" count="51" type="cond" truecount="3" falsecount="2"/>
        <line num="54" count="51" type="cond" truecount="2" falsecount="0"/>
        <line num="56" count="51" type="stmt"/>
        <line num="58" count="51" type="cond" truecount="2" falsecount="0"/>
        <line num="60" count="51" type="stmt"/>
        <line num="63" count="51" type="stmt"/>
        <line num="64" count="1" type="stmt"/>
        <line num="68" count="51" type="stmt"/>
        <line num="69" count="85" type="cond" truecount="2" falsecount="0"/>
        <line num="70" count="28" type="stmt"/>
        <line num="71" count="28" type="stmt"/>
        <line num="76" count="51" type="stmt"/>
        <line num="77" count="18" type="stmt"/>
        <line num="79" count="18" type="cond" truecount="3" falsecount="1"/>
        <line num="80" count="0" type="stmt"/>
        <line num="83" count="18" type="stmt"/>
        <line num="84" count="18" type="stmt"/>
        <line num="88" count="51" type="stmt"/>
        <line num="89" count="9" type="cond" truecount="3" falsecount="1"/>
        <line num="90" count="0" type="stmt"/>
        <line num="93" count="9" type="stmt"/>
        <line num="95" count="9" type="stmt"/>
        <line num="101" count="9" type="stmt"/>
        <line num="102" count="9" type="stmt"/>
        <line num="107" count="51" type="stmt"/>
        <line num="108" count="6" type="cond" truecount="4" falsecount="0"/>
        <line num="109" count="2" type="stmt"/>
        <line num="112" count="4" type="stmt"/>
        <line num="113" count="4" type="stmt"/>
        <line num="117" count="51" type="stmt"/>
        <line num="118" count="1" type="cond" truecount="1" falsecount="1"/>
        <line num="119" count="0" type="stmt"/>
        <line num="122" count="1" type="cond" truecount="1" falsecount="1"/>
        <line num="123" count="1" type="stmt"/>
        <line num="124" count="1" type="stmt"/>
        <line num="128" count="51" type="stmt"/>
        <line num="129" count="4" type="cond" truecount="2" falsecount="0"/>
        <line num="130" count="1" type="stmt"/>
        <line num="133" count="3" type="cond" truecount="2" falsecount="0"/>
        <line num="134" count="1" type="stmt"/>
        <line num="135" count="1" type="stmt"/>
        <line num="136" count="1" type="stmt"/>
        <line num="138" count="1" type="stmt"/>
        <line num="141" count="2" type="stmt"/>
        <line num="142" count="2" type="stmt"/>
        <line num="143" count="2" type="stmt"/>
        <line num="147" count="51" type="stmt"/>
        <line num="148" count="3" type="cond" truecount="2" falsecount="0"/>
        <line num="149" count="1" type="stmt"/>
        <line num="152" count="2" type="stmt"/>
        <line num="153" count="2" type="stmt"/>
        <line num="155" count="2" type="stmt"/>
        <line num="156" count="1" type="stmt"/>
        <line num="161" count="51" type="stmt"/>
        <line num="163" count="51" type="stmt"/>
        <line num="166" count="8" type="cond" truecount="2" falsecount="1"/>
        <line num="170" count="0" type="stmt"/>
        <line num="171" count="0" type="stmt"/>
        <line num="175" count="0" type="cond" truecount="0" falsecount="4"/>
        <line num="176" count="0" type="stmt"/>
        <line num="177" count="0" type="stmt"/>
        <line num="180" count="0" type="stmt"/>
        <line num="182" count="0" type="cond" truecount="0" falsecount="2"/>
        <line num="183" count="0" type="stmt"/>
        <line num="184" count="0" type="cond" truecount="0" falsecount="2"/>
        <line num="185" count="0" type="cond" truecount="0" falsecount="2"/>
        <line num="186" count="0" type="stmt"/>
        <line num="188" count="0" type="stmt"/>
        <line num="191" count="0" type="stmt"/>
        <line num="194" count="0" type="stmt"/>
        <line num="198" count="0" type="stmt"/>
        <line num="199" count="0" type="stmt"/>
        <line num="206" count="51" type="stmt"/>
        <line num="207" count="31" type="stmt"/>
        <line num="209" count="31" type="cond" truecount="2" falsecount="0"/>
        <line num="210" count="3" type="stmt"/>
        <line num="213" count="28" type="stmt"/>
        <line num="214" count="1" type="cond" truecount="1" falsecount="1"/>
        <line num="215" count="1" type="stmt"/>
        <line num="221" count="51" type="stmt"/>
        <line num="222" count="41" type="cond" truecount="2" falsecount="0"/>
        <line num="223" count="23" type="stmt"/>
        <line num="226" count="18" type="stmt"/>
        <line num="227" count="18" type="stmt"/>
        <line num="229" count="18" type="stmt"/>
        <line num="230" count="18" type="stmt"/>
        <line num="235" count="51" type="stmt"/>
        <line num="236" count="23" type="stmt"/>
        <line num="237" count="23" type="stmt"/>
        <line num="242" count="51" type="stmt"/>
        <line num="251" count="3" type="stmt"/>
        <line num="252" count="3" type="stmt"/>
        <line num="253" count="3" type="stmt"/>
        <line num="256" count="4" type="stmt"/>
        <line num="257" count="4" type="cond" truecount="2" falsecount="0"/>
        <line num="258" count="3" type="stmt"/>
        <line num="260" count="1" type="stmt"/>
        <line num="262" count="4" type="stmt"/>
        <line num="278" count="142" type="stmt"/>
        <line num="306" count="229" type="stmt"/>
        <line num="308" count="229" type="stmt"/>
        <line num="316" count="6" type="stmt"/>
        <line num="317" count="6" type="stmt"/>
        <line num="318" count="6" type="stmt"/>
      </file>
    </package>
    <package name="components.ui">
      <metrics statements="5" coveredstatements="5" conditionals="21" coveredconditionals="19" methods="5" coveredmethods="5"/>
      <file name="CategoryCard.tsx" path="/Users/ahmedozdogan/Desktop/Github/helphub-web/helphub-webapp/components/ui/CategoryCard.tsx">
        <metrics statements="1" coveredstatements="1" conditionals="0" coveredconditionals="0" methods="1" coveredmethods="1"/>
        <line num="9" count="24" type="stmt"/>
      </file>
      <file name="MenuDropdown.tsx" path="/Users/ahmedozdogan/Desktop/Github/helphub-web/helphub-webapp/components/ui/MenuDropdown.tsx">
        <metrics statements="1" coveredstatements="1" conditionals="2" coveredconditionals="2" methods="1" coveredmethods="1"/>
        <line num="10" count="396" type="stmt"/>
      </file>
      <file name="MenuLink.tsx" path="/Users/ahmedozdogan/Desktop/Github/helphub-web/helphub-webapp/components/ui/MenuLink.tsx">
        <metrics statements="1" coveredstatements="1" conditionals="0" coveredconditionals="0" methods="1" coveredmethods="1"/>
        <line num="8" count="297" type="stmt"/>
      </file>
      <file name="RedButton.tsx" path="/Users/ahmedozdogan/Desktop/Github/helphub-web/helphub-webapp/components/ui/RedButton.tsx">
        <metrics statements="1" coveredstatements="1" conditionals="8" coveredconditionals="6" methods="1" coveredmethods="1"/>
        <line num="18" count="4" type="stmt"/>
      </file>
      <file name="StepCard.tsx" path="/Users/ahmedozdogan/Desktop/Github/helphub-web/helphub-webapp/components/ui/StepCard.tsx">
        <metrics statements="1" coveredstatements="1" conditionals="11" coveredconditionals="11" methods="1" coveredmethods="1"/>
        <line num="17" count="64" type="stmt"/>
      </file>
    </package>
    <package name="data">
      <metrics statements="1" coveredstatements="1" conditionals="0" coveredconditionals="0" methods="0" coveredmethods="0"/>
      <file name="megaMenuData.ts" path="/Users/ahmedozdogan/Desktop/Github/helphub-web/helphub-webapp/data/megaMenuData.ts">
        <metrics statements="1" coveredstatements="1" conditionals="0" coveredconditionals="0" methods="0" coveredmethods="0"/>
        <line num="13" count="1" type="stmt"/>
      </file>
    </package>
  </project>
</coverage>
