<?xml version="1.0" encoding="UTF-8"?>
<coverage generated="1777910214543" clover="3.2.0">
  <project timestamp="1777910214543" name="All files">
    <metrics statements="229" coveredstatements="151" conditionals="145" coveredconditionals="93" methods="79" coveredmethods="58" elements="453" coveredelements="302" complexity="0" loc="229" ncloc="229" packages="5" files="30" classes="30"/>
    <package name="assets.popularCategories">
      <metrics statements="6" coveredstatements="6" conditionals="0" coveredconditionals="0" methods="0" coveredmethods="0"/>
      <file name="astrology.webp" path="/Users/ahmedozdogan/Desktop/Github/helphub-web/helphub-webapp/assets/popularCategories/astrology.webp">
        <metrics statements="1" coveredstatements="1" conditionals="0" coveredconditionals="0" methods="0" coveredmethods="0"/>
        <line num="1" count="1" type="stmt"/>
      </file>
      <file name="child.webp" path="/Users/ahmedozdogan/Desktop/Github/helphub-web/helphub-webapp/assets/popularCategories/child.webp">
        <metrics statements="1" coveredstatements="1" conditionals="0" coveredconditionals="0" methods="0" coveredmethods="0"/>
        <line num="1" count="1" type="stmt"/>
      </file>
      <file name="dietician.webp" path="/Users/ahmedozdogan/Desktop/Github/helphub-web/helphub-webapp/assets/popularCategories/dietician.webp">
        <metrics statements="1" coveredstatements="1" conditionals="0" coveredconditionals="0" methods="0" coveredmethods="0"/>
        <line num="1" count="1" type="stmt"/>
      </file>
      <file name="family.webp" path="/Users/ahmedozdogan/Desktop/Github/helphub-web/helphub-webapp/assets/popularCategories/family.webp">
        <metrics statements="1" coveredstatements="1" conditionals="0" coveredconditionals="0" methods="0" coveredmethods="0"/>
        <line num="1" count="1" type="stmt"/>
      </file>
      <file name="lifeCoach.webp" path="/Users/ahmedozdogan/Desktop/Github/helphub-web/helphub-webapp/assets/popularCategories/lifeCoach.webp">
        <metrics statements="1" coveredstatements="1" conditionals="0" coveredconditionals="0" methods="0" coveredmethods="0"/>
        <line num="1" count="1" type="stmt"/>
      </file>
      <file name="psychology.webp" path="/Users/ahmedozdogan/Desktop/Github/helphub-web/helphub-webapp/assets/popularCategories/psychology.webp">
        <metrics statements="1" coveredstatements="1" conditionals="0" coveredconditionals="0" methods="0" coveredmethods="0"/>
        <line num="1" count="1" type="stmt"/>
      </file>
    </package>
    <package name="assets.slider">
      <metrics statements="9" coveredstatements="9" conditionals="0" coveredconditionals="0" methods="0" coveredmethods="0"/>
      <file name="slider1-mobile.webp" path="/Users/ahmedozdogan/Desktop/Github/helphub-web/helphub-webapp/assets/slider/slider1-mobile.webp">
        <metrics statements="1" coveredstatements="1" conditionals="0" coveredconditionals="0" methods="0" coveredmethods="0"/>
        <line num="1" count="1" type="stmt"/>
      </file>
      <file name="slider1.webp" path="/Users/ahmedozdogan/Desktop/Github/helphub-web/helphub-webapp/assets/slider/slider1.webp">
        <metrics statements="1" coveredstatements="1" conditionals="0" coveredconditionals="0" methods="0" coveredmethods="0"/>
        <line num="1" count="1" type="stmt"/>
      </file>
      <file name="slider2-mobile.webp" path="/Users/ahmedozdogan/Desktop/Github/helphub-web/helphub-webapp/assets/slider/slider2-mobile.webp">
        <metrics statements="1" coveredstatements="1" conditionals="0" coveredconditionals="0" methods="0" coveredmethods="0"/>
        <line num="1" count="1" type="stmt"/>
      </file>
      <file name="slider2.webp" path="/Users/ahmedozdogan/Desktop/Github/helphub-web/helphub-webapp/assets/slider/slider2.webp">
        <metrics statements="1" coveredstatements="1" conditionals="0" coveredconditionals="0" methods="0" coveredmethods="0"/>
        <line num="1" count="1" type="stmt"/>
      </file>
      <file name="slider3-mobile.webp" path="/Users/ahmedozdogan/Desktop/Github/helphub-web/helphub-webapp/assets/slider/slider3-mobile.webp">
        <metrics statements="1" coveredstatements="1" conditionals="0" coveredconditionals="0" methods="0" coveredmethods="0"/>
        <line num="1" count="1" type="stmt"/>
      </file>
      <file name="slider3.webp" path="/Users/ahmedozdogan/Desktop/Github/helphub-web/helphub-webapp/assets/slider/slider3.webp">
        <metrics statements="1" coveredstatements="1" conditionals="0" coveredconditionals="0" methods="0" coveredmethods="0"/>
        <line num="1" count="1" type="stmt"/>
      </file>
      <file name="slider4-mobile.webp" path="/Users/ahmedozdogan/Desktop/Github/helphub-web/helphub-webapp/assets/slider/slider4-mobile.webp">
        <metrics statements="1" coveredstatements="1" conditionals="0" coveredconditionals="0" methods="0" coveredmethods="0"/>
        <line num="1" count="1" type="stmt"/>
      </file>
      <file name="slider4.webp" path="/Users/ahmedozdogan/Desktop/Github/helphub-web/helphub-webapp/assets/slider/slider4.webp">
        <metrics statements="1" coveredstatements="1" conditionals="0" coveredconditionals="0" methods="0" coveredmethods="0"/>
        <line num="1" count="1" type="stmt"/>
      </file>
      <file name="slider5.webp" path="/Users/ahmedozdogan/Desktop/Github/helphub-web/helphub-webapp/assets/slider/slider5.webp">
        <metrics statements="1" coveredstatements="1" conditionals="0" coveredconditionals="0" methods="0" coveredmethods="0"/>
        <line num="1" count="1" type="stmt"/>
      </file>
    </package>
    <package name="components">
      <metrics statements="208" coveredstatements="130" conditionals="126" coveredconditionals="75" methods="74" coveredmethods="53"/>
      <file name="Advantages.tsx" path="/Users/ahmedozdogan/Desktop/Github/helphub-web/helphub-webapp/components/Advantages.tsx">
        <metrics statements="1" coveredstatements="1" conditionals="0" coveredconditionals="0" methods="1" coveredmethods="1"/>
        <line num="6" count="11" type="stmt"/>
      </file>
      <file name="Companies.tsx" path="/Users/ahmedozdogan/Desktop/Github/helphub-web/helphub-webapp/components/Companies.tsx">
        <metrics statements="1" coveredstatements="1" conditionals="0" coveredconditionals="0" methods="1" coveredmethods="1"/>
        <line num="5" count="11" type="stmt"/>
      </file>
      <file name="Details.tsx" path="/Users/ahmedozdogan/Desktop/Github/helphub-web/helphub-webapp/components/Details.tsx">
        <metrics statements="1" coveredstatements="1" conditionals="0" coveredconditionals="0" methods="1" coveredmethods="1"/>
        <line num="4" count="5" type="stmt"/>
      </file>
      <file name="Footer.tsx" path="/Users/ahmedozdogan/Desktop/Github/helphub-web/helphub-webapp/components/Footer.tsx">
        <metrics statements="1" coveredstatements="1" conditionals="4" coveredconditionals="4" methods="1" coveredmethods="1"/>
        <line num="8" count="22" type="stmt"/>
      </file>
      <file name="HowItWorks.tsx" path="/Users/ahmedozdogan/Desktop/Github/helphub-web/helphub-webapp/components/HowItWorks.tsx">
        <metrics statements="1" coveredstatements="1" conditionals="0" coveredconditionals="0" methods="1" coveredmethods="1"/>
        <line num="5" count="5" type="stmt"/>
      </file>
      <file name="Navbar.tsx" path="/Users/ahmedozdogan/Desktop/Github/helphub-web/helphub-webapp/components/Navbar.tsx">
        <metrics statements="87" coveredstatements="44" conditionals="60" coveredconditionals="37" methods="38" coveredmethods="25"/>
        <line num="15" count="54" type="stmt"/>
        <line num="18" count="54" type="stmt"/>
        <line num="21" count="54" type="stmt"/>
        <line num="24" count="54" type="stmt"/>
        <line num="27" count="54" type="stmt"/>
        <line num="30" count="54" type="stmt"/>
        <line num="31" count="0" type="cond" truecount="0" falsecount="2"/>
        <line num="32" count="0" type="stmt"/>
        <line num="33" count="0" type="stmt"/>
        <line num="35" count="0" type="stmt"/>
        <line num="36" count="0" type="stmt"/>
        <line num="40" count="54" type="stmt"/>
        <line num="41" count="0" type="stmt"/>
        <line num="42" count="0" type="stmt"/>
        <line num="44" count="0" type="stmt"/>
        <line num="48" count="54" type="stmt"/>
        <line num="51" count="54" type="stmt"/>
        <line num="52" count="4" type="cond" truecount="1" falsecount="1"/>
        <line num="53" count="0" type="stmt"/>
        <line num="54" count="0" type="stmt"/>
        <line num="56" count="4" type="stmt"/>
        <line num="60" count="54" type="stmt"/>
        <line num="61" count="4" type="stmt"/>
        <line num="62" count="4" type="stmt"/>
        <line num="67" count="54" type="stmt"/>
        <line num="68" count="54" type="stmt"/>
        <line num="70" count="54" type="stmt"/>
        <line num="94" count="54" type="stmt"/>
        <line num="95" count="5" type="cond" truecount="2" falsecount="0"/>
        <line num="99" count="54" type="stmt"/>
        <line num="100" count="35" type="stmt"/>
        <line num="102" count="35" type="cond" truecount="3" falsecount="1"/>
        <line num="103" count="35" type="stmt"/>
        <line num="106" count="0" type="stmt"/>
        <line num="107" count="0" type="stmt"/>
        <line num="108" count="0" type="stmt"/>
        <line num="110" count="0" type="stmt"/>
        <line num="111" count="0" type="stmt"/>
        <line num="112" count="0" type="stmt"/>
        <line num="113" count="0" type="stmt"/>
        <line num="114" count="0" type="stmt"/>
        <line num="116" count="0" type="cond" truecount="0" falsecount="2"/>
        <line num="117" count="0" type="cond" truecount="0" falsecount="2"/>
        <line num="118" count="0" type="stmt"/>
        <line num="119" count="0" type="stmt"/>
        <line num="120" count="0" type="stmt"/>
        <line num="123" count="0" type="stmt"/>
        <line num="124" count="0" type="stmt"/>
        <line num="127" count="0" type="stmt"/>
        <line num="128" count="0" type="stmt"/>
        <line num="130" count="0" type="cond" truecount="0" falsecount="2"/>
        <line num="131" count="0" type="cond" truecount="0" falsecount="2"/>
        <line num="132" count="0" type="cond" truecount="0" falsecount="2"/>
        <line num="133" count="0" type="cond" truecount="0" falsecount="2"/>
        <line num="136" count="0" type="stmt"/>
        <line num="137" count="0" type="stmt"/>
        <line num="141" count="54" type="stmt"/>
        <line num="209" count="0" type="stmt"/>
        <line num="210" count="0" type="stmt"/>
        <line num="228" count="0" type="stmt"/>
        <line num="275" count="1" type="stmt"/>
        <line num="283" count="1" type="stmt"/>
        <line num="291" count="1" type="stmt"/>
        <line num="298" count="1" type="stmt"/>
        <line num="320" count="0" type="stmt"/>
        <line num="326" count="12" type="stmt"/>
        <line num="337" count="44" type="stmt"/>
        <line num="362" count="12" type="stmt"/>
        <line num="385" count="4" type="stmt"/>
        <line num="431" count="1" type="stmt"/>
        <line num="432" count="1" type="stmt"/>
        <line num="450" count="1" type="stmt"/>
        <line num="451" count="1" type="stmt"/>
        <line num="480" count="0" type="stmt"/>
        <line num="481" count="1" type="stmt"/>
        <line num="487" count="0" type="stmt"/>
        <line num="514" count="1" type="stmt"/>
        <line num="529" count="60" type="stmt"/>
        <line num="531" count="60" type="stmt"/>
        <line num="539" count="5" type="stmt"/>
        <line num="562" count="12" type="stmt"/>
        <line num="566" count="0" type="stmt"/>
        <line num="576" count="60" type="stmt"/>
        <line num="579" count="0" type="stmt"/>
        <line num="606" count="1" type="stmt"/>
        <line num="618" count="0" type="stmt"/>
        <line num="630" count="0" type="stmt"/>
      </file>
      <file name="Numbers.tsx" path="/Users/ahmedozdogan/Desktop/Github/helphub-web/helphub-webapp/components/Numbers.tsx">
        <metrics statements="1" coveredstatements="1" conditionals="0" coveredconditionals="0" methods="1" coveredmethods="1"/>
        <line num="5" count="8" type="stmt"/>
      </file>
      <file name="PopulerCategories.tsx" path="/Users/ahmedozdogan/Desktop/Github/helphub-web/helphub-webapp/components/PopulerCategories.tsx">
        <metrics statements="1" coveredstatements="1" conditionals="0" coveredconditionals="0" methods="1" coveredmethods="1"/>
        <line num="14" count="4" type="stmt"/>
      </file>
      <file name="Slider.tsx" path="/Users/ahmedozdogan/Desktop/Github/helphub-web/helphub-webapp/components/Slider.tsx">
        <metrics statements="114" coveredstatements="79" conditionals="62" coveredconditionals="34" methods="29" coveredmethods="21"/>
        <line num="27" count="1" type="stmt"/>
        <line num="28" count="1" type="stmt"/>
        <line num="31" count="1" type="stmt"/>
        <line num="32" count="1" type="stmt"/>
        <line num="33" count="1" type="stmt"/>
        <line num="37" count="20" type="stmt"/>
        <line num="39" count="20" type="stmt"/>
        <line num="41" count="20" type="stmt"/>
        <line num="43" count="20" type="stmt"/>
        <line num="45" count="20" type="stmt"/>
        <line num="49" count="20" type="cond" truecount="3" falsecount="2"/>
        <line num="54" count="20" type="cond" truecount="2" falsecount="0"/>
        <line num="56" count="20" type="stmt"/>
        <line num="58" count="20" type="cond" truecount="2" falsecount="0"/>
        <line num="60" count="20" type="stmt"/>
        <line num="63" count="20" type="stmt"/>
        <line num="64" count="0" type="stmt"/>
        <line num="68" count="20" type="stmt"/>
        <line num="69" count="30" type="cond" truecount="2" falsecount="0"/>
        <line num="70" count="11" type="stmt"/>
        <line num="71" count="11" type="stmt"/>
        <line num="76" count="20" type="stmt"/>
        <line num="77" count="7" type="stmt"/>
        <line num="79" count="7" type="cond" truecount="3" falsecount="1"/>
        <line num="80" count="0" type="stmt"/>
        <line num="83" count="7" type="stmt"/>
        <line num="84" count="7" type="stmt"/>
        <line num="88" count="20" type="stmt"/>
        <line num="89" count="5" type="cond" truecount="3" falsecount="1"/>
        <line num="90" count="0" type="stmt"/>
        <line num="93" count="5" type="stmt"/>
        <line num="95" count="5" type="stmt"/>
        <line num="101" count="5" type="stmt"/>
        <line num="102" count="5" type="stmt"/>
        <line num="107" count="20" type="stmt"/>
        <line num="108" count="2" type="cond" truecount="3" falsecount="1"/>
        <line num="109" count="0" type="stmt"/>
        <line num="112" count="2" type="stmt"/>
        <line num="113" count="2" type="stmt"/>
        <line num="117" count="20" type="stmt"/>
        <line num="118" count="1" type="cond" truecount="1" falsecount="1"/>
        <line num="119" count="0" type="stmt"/>
        <line num="122" count="1" type="cond" truecount="1" falsecount="1"/>
        <line num="123" count="1" type="stmt"/>
        <line num="124" count="1" type="stmt"/>
        <line num="128" count="20" type="stmt"/>
        <line num="129" count="2" type="cond" truecount="1" falsecount="1"/>
        <line num="130" count="0" type="stmt"/>
        <line num="133" count="2" type="cond" truecount="1" falsecount="1"/>
        <line num="134" count="0" type="stmt"/>
        <line num="135" count="0" type="stmt"/>
        <line num="136" count="0" type="stmt"/>
        <line num="138" count="0" type="stmt"/>
        <line num="141" count="2" type="stmt"/>
        <line num="142" count="2" type="stmt"/>
        <line num="143" count="2" type="stmt"/>
        <line num="147" count="20" type="stmt"/>
        <line num="148" count="0" type="cond" truecount="0" falsecount="2"/>
        <line num="149" count="0" type="stmt"/>
        <line num="152" count="0" type="stmt"/>
        <line num="153" count="0" type="stmt"/>
        <line num="155" count="0" type="stmt"/>
        <line num="156" count="0" type="stmt"/>
        <line num="161" count="20" type="stmt"/>
        <line num="163" count="20" type="stmt"/>
        <line num="166" count="0" type="cond" truecount="0" falsecount="3"/>
        <line num="170" count="0" type="stmt"/>
        <line num="171" count="0" type="stmt"/>
        <line num="175" count="0" type="cond" truecount="0" falsecount="4"/>
        <line num="176" count="0" type="stmt"/>
        <line num="177" count="0" type="stmt"/>
        <line num="180" count="0" type="stmt"/>
        <line num="182" count="0" type="cond" truecount="0" falsecount="2"/>
        <line num="183" count="0" type="stmt"/>
        <line num="184" count="0" type="cond" truecount="0" falsecount="2"/>
        <line num="185" count="0" type="cond" truecount="0" falsecount="2"/>
        <line num="186" count="0" type="stmt"/>
        <line num="188" count="0" type="stmt"/>
        <line num="191" count="0" type="stmt"/>
        <line num="194" count="0" type="stmt"/>
        <line num="198" count="0" type="stmt"/>
        <line num="199" count="0" type="stmt"/>
        <line num="206" count="20" type="stmt"/>
        <line num="207" count="11" type="stmt"/>
        <line num="209" count="11" type="cond" truecount="1" falsecount="1"/>
        <line num="210" count="0" type="stmt"/>
        <line num="213" count="11" type="stmt"/>
        <line num="214" count="1" type="cond" truecount="1" falsecount="1"/>
        <line num="215" count="1" type="stmt"/>
        <line num="221" count="20" type="stmt"/>
        <line num="222" count="15" type="cond" truecount="2" falsecount="0"/>
        <line num="223" count="8" type="stmt"/>
        <line num="226" count="7" type="stmt"/>
        <line num="227" count="7" type="stmt"/>
        <line num="229" count="7" type="stmt"/>
        <line num="230" count="7" type="stmt"/>
        <line num="235" count="20" type="stmt"/>
        <line num="236" count="8" type="stmt"/>
        <line num="237" count="8" type="stmt"/>
        <line num="242" count="20" type="stmt"/>
        <line num="251" count="1" type="stmt"/>
        <line num="252" count="1" type="stmt"/>
        <line num="253" count="1" type="stmt"/>
        <line num="256" count="1" type="stmt"/>
        <line num="257" count="1" type="cond" truecount="1" falsecount="1"/>
        <line num="258" count="0" type="stmt"/>
        <line num="260" count="1" type="stmt"/>
        <line num="262" count="1" type="stmt"/>
        <line num="278" count="61" type="stmt"/>
        <line num="306" count="89" type="stmt"/>
        <line num="308" count="89" type="stmt"/>
        <line num="316" count="2" type="stmt"/>
        <line num="317" count="2" type="stmt"/>
        <line num="318" count="2" type="stmt"/>
      </file>
    </package>
    <package name="components.ui">
      <metrics statements="5" coveredstatements="5" conditionals="19" coveredconditionals="18" methods="5" coveredmethods="5"/>
      <file name="CategoryCard.tsx" path="/Users/ahmedozdogan/Desktop/Github/helphub-web/helphub-webapp/components/ui/CategoryCard.tsx">
        <metrics statements="1" coveredstatements="1" conditionals="0" coveredconditionals="0" methods="1" coveredmethods="1"/>
        <line num="9" count="24" type="stmt"/>
      </file>
      <file name="MenuDropdown.tsx" path="/Users/ahmedozdogan/Desktop/Github/helphub-web/helphub-webapp/components/ui/MenuDropdown.tsx">
        <metrics statements="1" coveredstatements="1" conditionals="2" coveredconditionals="2" methods="1" coveredmethods="1"/>
        <line num="10" count="216" type="stmt"/>
      </file>
      <file name="MenuLink.tsx" path="/Users/ahmedozdogan/Desktop/Github/helphub-web/helphub-webapp/components/ui/MenuLink.tsx">
        <metrics statements="1" coveredstatements="1" conditionals="0" coveredconditionals="0" methods="1" coveredmethods="1"/>
        <line num="8" count="162" type="stmt"/>
      </file>
      <file name="RedButton.tsx" path="/Users/ahmedozdogan/Desktop/Github/helphub-web/helphub-webapp/components/ui/RedButton.tsx">
        <metrics statements="1" coveredstatements="1" conditionals="6" coveredconditionals="5" methods="1" coveredmethods="1"/>
        <line num="15" count="4" type="cond" truecount="1" falsecount="1"/>
      </file>
      <file name="StepCard.tsx" path="/Users/ahmedozdogan/Desktop/Github/helphub-web/helphub-webapp/components/ui/StepCard.tsx">
        <metrics statements="1" coveredstatements="1" conditionals="11" coveredconditionals="11" methods="1" coveredmethods="1"/>
        <line num="17" count="64" type="stmt"/>
      </file>
    </package>
    <package name="data">
      <metrics statements="1" coveredstatements="1" conditionals="0" coveredconditionals="0" methods="0" coveredmethods="0"/>
      <file name="megaMenuData.ts" path="/Users/ahmedozdogan/Desktop/Github/helphub-web/helphub-webapp/data/megaMenuData.ts">
        <metrics statements="1" coveredstatements="1" conditionals="0" coveredconditionals="0" methods="0" coveredmethods="0"/>
        <line num="13" count="1" type="stmt"/>
      </file>
    </package>
  </project>
</coverage>
