{"/Users/ahmedozdogan/Desktop/Github/helphub-web/helphub-webapp/assets/popularCategories/astrology.webp": {"path":"/Users/ahmedozdogan/Desktop/Github/helphub-web/helphub-webapp/assets/popularCategories/astrology.webp","statementMap":{"0":{"start":{"line":1,"column":0},"end":{"line":4,"column":6}}},"fnMap":{},"branchMap":{},"s":{"0":1},"f":{},"b":{},"_coverageSchema":"1a1c01bbd47fc00a2c39e90264f33305004495a9","hash":"4416f8194f24c0e6b9a1966082cfa1c833152950"}
,"/Users/ahmedozdogan/Desktop/Github/helphub-web/helphub-webapp/assets/popularCategories/child.webp": {"path":"/Users/ahmedozdogan/Desktop/Github/helphub-web/helphub-webapp/assets/popularCategories/child.webp","statementMap":{"0":{"start":{"line":1,"column":0},"end":{"line":4,"column":6}}},"fnMap":{},"branchMap":{},"s":{"0":1},"f":{},"b":{},"_coverageSchema":"1a1c01bbd47fc00a2c39e90264f33305004495a9","hash":"f7c8fca05259cf27b904fbff943e8a2be689874c"}
,"/Users/ahmedozdogan/Desktop/Github/helphub-web/helphub-webapp/assets/popularCategories/dietician.webp": {"path":"/Users/ahmedozdogan/Desktop/Github/helphub-web/helphub-webapp/assets/popularCategories/dietician.webp","statementMap":{"0":{"start":{"line":1,"column":0},"end":{"line":4,"column":6}}},"fnMap":{},"branchMap":{},"s":{"0":1},"f":{},"b":{},"_coverageSchema":"1a1c01bbd47fc00a2c39e90264f33305004495a9","hash":"9b01e3711fa43f8d5068e226626a80fbbd3a6057"}
,"/Users/ahmedozdogan/Desktop/Github/helphub-web/helphub-webapp/assets/popularCategories/family.webp": {"path":"/Users/ahmedozdogan/Desktop/Github/helphub-web/helphub-webapp/assets/popularCategories/family.webp","statementMap":{"0":{"start":{"line":1,"column":0},"end":{"line":4,"column":6}}},"fnMap":{},"branchMap":{},"s":{"0":1},"f":{},"b":{},"_coverageSchema":"1a1c01bbd47fc00a2c39e90264f33305004495a9","hash":"8ee258028b8ecd9feff0f79988518427fae5acf5"}
,"/Users/ahmedozdogan/Desktop/Github/helphub-web/helphub-webapp/assets/popularCategories/lifeCoach.webp": {"path":"/Users/ahmedozdogan/Desktop/Github/helphub-web/helphub-webapp/assets/popularCategories/lifeCoach.webp","statementMap":{"0":{"start":{"line":1,"column":0},"end":{"line":4,"column":6}}},"fnMap":{},"branchMap":{},"s":{"0":1},"f":{},"b":{},"_coverageSchema":"1a1c01bbd47fc00a2c39e90264f33305004495a9","hash":"80b3049fdbcf1d68c64b626a89d3c01e3f9d55bf"}
,"/Users/ahmedozdogan/Desktop/Github/helphub-web/helphub-webapp/assets/popularCategories/psychology.webp": {"path":"/Users/ahmedozdogan/Desktop/Github/helphub-web/helphub-webapp/assets/popularCategories/psychology.webp","statementMap":{"0":{"start":{"line":1,"column":0},"end":{"line":4,"column":6}}},"fnMap":{},"branchMap":{},"s":{"0":1},"f":{},"b":{},"_coverageSchema":"1a1c01bbd47fc00a2c39e90264f33305004495a9","hash":"4ca5bd81969986655a6af5e3cbc908ce04cd7e68"}
,"/Users/ahmedozdogan/Desktop/Github/helphub-web/helphub-webapp/assets/slider/slider1-mobile.webp": {"path":"/Users/ahmedozdogan/Desktop/Github/helphub-web/helphub-webapp/assets/slider/slider1-mobile.webp","statementMap":{"0":{"start":{"line":1,"column":0},"end":{"line":4,"column":6}}},"fnMap":{},"branchMap":{},"s":{"0":1},"f":{},"b":{},"_coverageSchema":"1a1c01bbd47fc00a2c39e90264f33305004495a9","hash":"8ac95f03f75215017c41b25707871e4de87118bd"}
,"/Users/ahmedozdogan/Desktop/Github/helphub-web/helphub-webapp/assets/slider/slider1.webp": {"path":"/Users/ahmedozdogan/Desktop/Github/helphub-web/helphub-webapp/assets/slider/slider1.webp","statementMap":{"0":{"start":{"line":1,"column":0},"end":{"line":4,"column":6}}},"fnMap":{},"branchMap":{},"s":{"0":1},"f":{},"b":{},"_coverageSchema":"1a1c01bbd47fc00a2c39e90264f33305004495a9","hash":"0557e377db84d7fd40d9c7c85da71e83222c0afb"}
,"/Users/ahmedozdogan/Desktop/Github/helphub-web/helphub-webapp/assets/slider/slider2-mobile.webp": {"path":"/Users/ahmedozdogan/Desktop/Github/helphub-web/helphub-webapp/assets/slider/slider2-mobile.webp","statementMap":{"0":{"start":{"line":1,"column":0},"end":{"line":4,"column":6}}},"fnMap":{},"branchMap":{},"s":{"0":1},"f":{},"b":{},"_coverageSchema":"1a1c01bbd47fc00a2c39e90264f33305004495a9","hash":"72decea6d636a0e6888192932ab68d779d97b339"}
,"/Users/ahmedozdogan/Desktop/Github/helphub-web/helphub-webapp/assets/slider/slider2.webp": {"path":"/Users/ahmedozdogan/Desktop/Github/helphub-web/helphub-webapp/assets/slider/slider2.webp","statementMap":{"0":{"start":{"line":1,"column":0},"end":{"line":4,"column":6}}},"fnMap":{},"branchMap":{},"s":{"0":1},"f":{},"b":{},"_coverageSchema":"1a1c01bbd47fc00a2c39e90264f33305004495a9","hash":"612d2eb92288dfc8a3f11807e4ab537565641eee"}
,"/Users/ahmedozdogan/Desktop/Github/helphub-web/helphub-webapp/assets/slider/slider3-mobile.webp": {"path":"/Users/ahmedozdogan/Desktop/Github/helphub-web/helphub-webapp/assets/slider/slider3-mobile.webp","statementMap":{"0":{"start":{"line":1,"column":0},"end":{"line":4,"column":6}}},"fnMap":{},"branchMap":{},"s":{"0":1},"f":{},"b":{},"_coverageSchema":"1a1c01bbd47fc00a2c39e90264f33305004495a9","hash":"f10e4e94dc7f3c6bfff9350b0700ee1f1a0210e1"}
,"/Users/ahmedozdogan/Desktop/Github/helphub-web/helphub-webapp/assets/slider/slider3.webp": {"path":"/Users/ahmedozdogan/Desktop/Github/helphub-web/helphub-webapp/assets/slider/slider3.webp","statementMap":{"0":{"start":{"line":1,"column":0},"end":{"line":4,"column":6}}},"fnMap":{},"branchMap":{},"s":{"0":1},"f":{},"b":{},"_coverageSchema":"1a1c01bbd47fc00a2c39e90264f33305004495a9","hash":"39492784a10067246d24a8e80ac0515aa5825f81"}
,"/Users/ahmedozdogan/Desktop/Github/helphub-web/helphub-webapp/assets/slider/slider4-mobile.webp": {"path":"/Users/ahmedozdogan/Desktop/Github/helphub-web/helphub-webapp/assets/slider/slider4-mobile.webp","statementMap":{"0":{"start":{"line":1,"column":0},"end":{"line":4,"column":6}}},"fnMap":{},"branchMap":{},"s":{"0":1},"f":{},"b":{},"_coverageSchema":"1a1c01bbd47fc00a2c39e90264f33305004495a9","hash":"30d21977accec58cbf9f6639e6ded843c038e918"}
,"/Users/ahmedozdogan/Desktop/Github/helphub-web/helphub-webapp/assets/slider/slider4.webp": {"path":"/Users/ahmedozdogan/Desktop/Github/helphub-web/helphub-webapp/assets/slider/slider4.webp","statementMap":{"0":{"start":{"line":1,"column":0},"end":{"line":4,"column":6}}},"fnMap":{},"branchMap":{},"s":{"0":1},"f":{},"b":{},"_coverageSchema":"1a1c01bbd47fc00a2c39e90264f33305004495a9","hash":"fd07622ed35c49e0403e66f68804f6e4e88932ce"}
,"/Users/ahmedozdogan/Desktop/Github/helphub-web/helphub-webapp/assets/slider/slider5.webp": {"path":"/Users/ahmedozdogan/Desktop/Github/helphub-web/helphub-webapp/assets/slider/slider5.webp","statementMap":{"0":{"start":{"line":1,"column":0},"end":{"line":4,"column":6}}},"fnMap":{},"branchMap":{},"s":{"0":1},"f":{},"b":{},"_coverageSchema":"1a1c01bbd47fc00a2c39e90264f33305004495a9","hash":"516b08ac0dfdaf344815cab42cf9066e700a8f0d"}
,"/Users/ahmedozdogan/Desktop/Github/helphub-web/helphub-webapp/components/Advantages.tsx": {"path":"/Users/ahmedozdogan/Desktop/Github/helphub-web/helphub-webapp/components/Advantages.tsx","statementMap":{"0":{"start":{"line":7,"column":24},"end":{"line":7,"column":40}},"1":{"start":{"line":8,"column":4},"end":{"line":53,"column":6}}},"fnMap":{"0":{"name":"Advantages","decl":{"start":{"line":6,"column":9},"end":{"line":6,"column":19}},"loc":{"start":{"line":6,"column":22},"end":{"line":54,"column":1}},"line":6}},"branchMap":{},"s":{"0":11,"1":11},"f":{"0":11},"b":{},"_coverageSchema":"1a1c01bbd47fc00a2c39e90264f33305004495a9","hash":"5a4f8617666775dccb60cb29f6a097e0b68fcdd6"}
,"/Users/ahmedozdogan/Desktop/Github/helphub-web/helphub-webapp/components/Companies.tsx": {"path":"/Users/ahmedozdogan/Desktop/Github/helphub-web/helphub-webapp/components/Companies.tsx","statementMap":{"0":{"start":{"line":6,"column":24},"end":{"line":6,"column":40}},"1":{"start":{"line":7,"column":4},"end":{"line":40,"column":6}}},"fnMap":{"0":{"name":"Companies","decl":{"start":{"line":5,"column":9},"end":{"line":5,"column":18}},"loc":{"start":{"line":5,"column":21},"end":{"line":41,"column":1}},"line":5}},"branchMap":{},"s":{"0":11,"1":11},"f":{"0":11},"b":{},"_coverageSchema":"1a1c01bbd47fc00a2c39e90264f33305004495a9","hash":"57e32d670701d01ccf7d3cb268c734d58aecbc68"}
,"/Users/ahmedozdogan/Desktop/Github/helphub-web/helphub-webapp/components/Details.tsx": {"path":"/Users/ahmedozdogan/Desktop/Github/helphub-web/helphub-webapp/components/Details.tsx","statementMap":{"0":{"start":{"line":4,"column":24},"end":{"line":4,"column":40}},"1":{"start":{"line":5,"column":4},"end":{"line":70,"column":6}}},"fnMap":{"0":{"name":"Details","decl":{"start":{"line":3,"column":9},"end":{"line":3,"column":16}},"loc":{"start":{"line":3,"column":19},"end":{"line":71,"column":1}},"line":3}},"branchMap":{},"s":{"0":5,"1":5},"f":{"0":5},"b":{},"_coverageSchema":"1a1c01bbd47fc00a2c39e90264f33305004495a9","hash":"ba7438ade0ff168fc2cf9d24104f53d6095ff6aa"}
,"/Users/ahmedozdogan/Desktop/Github/helphub-web/helphub-webapp/components/Footer.tsx": {"path":"/Users/ahmedozdogan/Desktop/Github/helphub-web/helphub-webapp/components/Footer.tsx","statementMap":{"0":{"start":{"line":9,"column":18},"end":{"line":9,"column":34}},"1":{"start":{"line":11,"column":4},"end":{"line":92,"column":6}}},"fnMap":{"0":{"name":"Footer","decl":{"start":{"line":8,"column":9},"end":{"line":8,"column":15}},"loc":{"start":{"line":8,"column":18},"end":{"line":93,"column":1}},"line":8}},"branchMap":{"0":{"loc":{"start":{"line":12,"column":83},"end":{"line":12,"column":136}},"type":"cond-expr","locations":[{"start":{"line":12,"column":107},"end":{"line":12,"column":118}},{"start":{"line":12,"column":121},"end":{"line":12,"column":136}}],"line":12},"1":{"loc":{"start":{"line":82,"column":88},"end":{"line":82,"column":136}},"type":"cond-expr","locations":[{"start":{"line":82,"column":112},"end":{"line":82,"column":118}},{"start":{"line":82,"column":121},"end":{"line":82,"column":136}}],"line":82}},"s":{"0":22,"1":22},"f":{"0":22},"b":{"0":[21,1],"1":[21,1]},"_coverageSchema":"1a1c01bbd47fc00a2c39e90264f33305004495a9","hash":"73e48811c3aa56028fdc016905a66baeff86697b"}
,"/Users/ahmedozdogan/Desktop/Github/helphub-web/helphub-webapp/components/HowItWorks.tsx": {"path":"/Users/ahmedozdogan/Desktop/Github/helphub-web/helphub-webapp/components/HowItWorks.tsx","statementMap":{"0":{"start":{"line":6,"column":24},"end":{"line":6,"column":40}},"1":{"start":{"line":7,"column":4},"end":{"line":56,"column":6}}},"fnMap":{"0":{"name":"HowItWorks","decl":{"start":{"line":5,"column":9},"end":{"line":5,"column":19}},"loc":{"start":{"line":5,"column":22},"end":{"line":57,"column":1}},"line":5}},"branchMap":{},"s":{"0":5,"1":5},"f":{"0":5},"b":{},"_coverageSchema":"1a1c01bbd47fc00a2c39e90264f33305004495a9","hash":"f4591a56fd0b6e2a5590cd98471c530dfdcdb539"}
,"/Users/ahmedozdogan/Desktop/Github/helphub-web/helphub-webapp/components/LanguageMenu.tsx": {"path":"/Users/ahmedozdogan/Desktop/Github/helphub-web/helphub-webapp/components/LanguageMenu.tsx","statementMap":{"0":{"start":{"line":7,"column":18},"end":{"line":13,"column":1}},"1":{"start":{"line":23,"column":21},"end":{"line":23,"column":37}},"2":{"start":{"line":25,"column":4},"end":{"line":43,"column":11}},"3":{"start":{"line":26,"column":29},"end":{"line":40,"column":9}},"4":{"start":{"line":27,"column":12},"end":{"line":39,"column":13}},"5":{"start":{"line":28,"column":39},"end":{"line":28,"column":77}},"6":{"start":{"line":30,"column":16},"end":{"line":36,"column":17}},"7":{"start":{"line":32,"column":42},"end":{"line":32,"column":67}},"8":{"start":{"line":35,"column":20},"end":{"line":35,"column":62}},"9":{"start":{"line":38,"column":16},"end":{"line":38,"column":62}},"10":{"start":{"line":42,"column":8},"end":{"line":42,"column":23}},"11":{"start":{"line":45,"column":28},"end":{"line":56,"column":23}},"12":{"start":{"line":48,"column":12},"end":{"line":48,"column":49}},"13":{"start":{"line":50,"column":8},"end":{"line":54,"column":10}},"14":{"start":{"line":52,"column":26},"end":{"line":52,"column":58}},"15":{"start":{"line":58,"column":4},"end":{"line":136,"column":5}},"16":{"start":{"line":71,"column":31},"end":{"line":71,"column":69}},"17":{"start":{"line":111,"column":24},"end":{"line":131,"column":36}},"18":{"start":{"line":116,"column":32},"end":{"line":124,"column":37}},"19":{"start":{"line":117,"column":36},"end":{"line":123,"column":37}},"20":{"start":{"line":118,"column":40},"end":{"line":118,"column":90}},"21":{"start":{"line":119,"column":40},"end":{"line":119,"column":77}},"22":{"start":{"line":120,"column":40},"end":{"line":120,"column":67}},"23":{"start":{"line":122,"column":40},"end":{"line":122,"column":85}}},"fnMap":{"0":{"name":"LanguageMenu","decl":{"start":{"line":22,"column":9},"end":{"line":22,"column":21}},"loc":{"start":{"line":22,"column":100},"end":{"line":137,"column":1}},"line":22},"1":{"name":"(anonymous_1)","decl":{"start":{"line":25,"column":14},"end":{"line":25,"column":15}},"loc":{"start":{"line":25,"column":20},"end":{"line":43,"column":5}},"line":25},"2":{"name":"(anonymous_2)","decl":{"start":{"line":26,"column":29},"end":{"line":26,"column":30}},"loc":{"start":{"line":26,"column":41},"end":{"line":40,"column":9}},"line":26},"3":{"name":"(anonymous_3)","decl":{"start":{"line":32,"column":35},"end":{"line":32,"column":36}},"loc":{"start":{"line":32,"column":42},"end":{"line":32,"column":67}},"line":32},"4":{"name":"(anonymous_4)","decl":{"start":{"line":45,"column":36},"end":{"line":45,"column":37}},"loc":{"start":{"line":45,"column":42},"end":{"line":56,"column":5}},"line":45},"5":{"name":"(anonymous_5)","decl":{"start":{"line":52,"column":16},"end":{"line":52,"column":17}},"loc":{"start":{"line":52,"column":26},"end":{"line":52,"column":58}},"line":52},"6":{"name":"(anonymous_6)","decl":{"start":{"line":71,"column":25},"end":{"line":71,"column":26}},"loc":{"start":{"line":71,"column":31},"end":{"line":71,"column":69}},"line":71},"7":{"name":"(anonymous_7)","decl":{"start":{"line":110,"column":35},"end":{"line":110,"column":36}},"loc":{"start":{"line":111,"column":24},"end":{"line":131,"column":36}},"line":111},"8":{"name":"(anonymous_8)","decl":{"start":{"line":115,"column":37},"end":{"line":115,"column":38}},"loc":{"start":{"line":115,"column":43},"end":{"line":125,"column":29}},"line":115},"9":{"name":"(anonymous_9)","decl":{"start":{"line":116,"column":33},"end":{"line":116,"column":34}},"loc":{"start":{"line":116,"column":45},"end":{"line":124,"column":33}},"line":116}},"branchMap":{"0":{"loc":{"start":{"line":30,"column":16},"end":{"line":36,"column":17}},"type":"if","locations":[{"start":{"line":30,"column":16},"end":{"line":36,"column":17}},{"start":{},"end":{}}],"line":30},"1":{"loc":{"start":{"line":31,"column":20},"end":{"line":33,"column":52}},"type":"binary-expr","locations":[{"start":{"line":31,"column":20},"end":{"line":31,"column":34}},{"start":{"line":32,"column":20},"end":{"line":32,"column":68}},{"start":{"line":33,"column":20},"end":{"line":33,"column":52}}],"line":31},"2":{"loc":{"start":{"line":48,"column":13},"end":{"line":48,"column":34}},"type":"binary-expr","locations":[{"start":{"line":48,"column":13},"end":{"line":48,"column":26}},{"start":{"line":48,"column":30},"end":{"line":48,"column":34}}],"line":48},"3":{"loc":{"start":{"line":51,"column":12},"end":{"line":53,"column":29}},"type":"binary-expr","locations":[{"start":{"line":51,"column":12},"end":{"line":53,"column":13}},{"start":{"line":53,"column":17},"end":{"line":53,"column":29}}],"line":51},"4":{"loc":{"start":{"line":73,"column":17},"end":{"line":101,"column":17}},"type":"cond-expr","locations":[{"start":{"line":74,"column":20},"end":{"line":80,"column":23}},{"start":{"line":82,"column":20},"end":{"line":100,"column":23}}],"line":73},"5":{"loc":{"start":{"line":96,"column":34},"end":{"line":96,"column":98}},"type":"cond-expr","locations":[{"start":{"line":96,"column":53},"end":{"line":96,"column":73}},{"start":{"line":96,"column":76},"end":{"line":96,"column":98}}],"line":96},"6":{"loc":{"start":{"line":104,"column":13},"end":{"line":134,"column":20}},"type":"cond-expr","locations":[{"start":{"line":105,"column":16},"end":{"line":133,"column":23}},{"start":{"line":134,"column":16},"end":{"line":134,"column":20}}],"line":104},"7":{"loc":{"start":{"line":107,"column":139},"end":{"line":107,"column":188}},"type":"cond-expr","locations":[{"start":{"line":107,"column":148},"end":{"line":107,"column":166}},{"start":{"line":107,"column":169},"end":{"line":107,"column":188}}],"line":107},"8":{"loc":{"start":{"line":128,"column":29},"end":{"line":130,"column":29}},"type":"cond-expr","locations":[{"start":{"line":128,"column":38},"end":{"line":128,"column":42}},{"start":{"line":129,"column":32},"end":{"line":129,"column":89}}],"line":128}},"s":{"0":1,"1":297,"2":297,"3":117,"4":117,"5":117,"6":117,"7":21,"8":3,"9":0,"10":117,"11":297,"12":117,"13":117,"14":117,"15":297,"16":2,"17":10,"18":1,"19":1,"20":1,"21":1,"22":1,"23":0},"f":{"0":297,"1":117,"2":117,"3":21,"4":117,"5":117,"6":2,"7":10,"8":1,"9":1},"b":{"0":[3,114],"1":[117,6,3],"2":[117,0],"3":[117,0],"4":[198,99],"5":[2,97],"6":[2,295],"7":[0,2],"8":[0,10]},"_coverageSchema":"1a1c01bbd47fc00a2c39e90264f33305004495a9","hash":"0b41de2ec98a056a6e2bdfee0bd1dd7a5e3a5362"}
,"/Users/ahmedozdogan/Desktop/Github/helphub-web/helphub-webapp/components/Navbar.tsx": {"path":"/Users/ahmedozdogan/Desktop/Github/helphub-web/helphub-webapp/components/Navbar.tsx","statementMap":{"0":{"start":{"line":17,"column":19},"end":{"line":17,"column":30}},"1":{"start":{"line":18,"column":24},"end":{"line":18,"column":40}},"2":{"start":{"line":21,"column":50},"end":{"line":21,"column":65}},"3":{"start":{"line":23,"column":66},"end":{"line":23,"column":81}},"4":{"start":{"line":24,"column":64},"end":{"line":24,"column":79}},"5":{"start":{"line":25,"column":64},"end":{"line":25,"column":79}},"6":{"start":{"line":27,"column":62},"end":{"line":27,"column":77}},"7":{"start":{"line":30,"column":52},"end":{"line":30,"column":81}},"8":{"start":{"line":33,"column":28},"end":{"line":33,"column":78}},"9":{"start":{"line":36,"column":28},"end":{"line":43,"column":5}},"10":{"start":{"line":37,"column":8},"end":{"line":40,"column":9}},"11":{"start":{"line":38,"column":12},"end":{"line":38,"column":50}},"12":{"start":{"line":39,"column":12},"end":{"line":39,"column":43}},"13":{"start":{"line":41,"column":8},"end":{"line":41,"column":44}},"14":{"start":{"line":42,"column":8},"end":{"line":42,"column":33}},"15":{"start":{"line":46,"column":29},"end":{"line":51,"column":5}},"16":{"start":{"line":47,"column":8},"end":{"line":49,"column":16}},"17":{"start":{"line":48,"column":12},"end":{"line":48,"column":38}},"18":{"start":{"line":50,"column":8},"end":{"line":50,"column":44}},"19":{"start":{"line":54,"column":36},"end":{"line":54,"column":86}},"20":{"start":{"line":57,"column":25},"end":{"line":63,"column":5}},"21":{"start":{"line":58,"column":8},"end":{"line":61,"column":9}},"22":{"start":{"line":59,"column":12},"end":{"line":59,"column":58}},"23":{"start":{"line":60,"column":12},"end":{"line":60,"column":51}},"24":{"start":{"line":62,"column":8},"end":{"line":62,"column":37}},"25":{"start":{"line":66,"column":26},"end":{"line":70,"column":5}},"26":{"start":{"line":67,"column":8},"end":{"line":69,"column":16}},"27":{"start":{"line":68,"column":12},"end":{"line":68,"column":38}},"28":{"start":{"line":73,"column":48},"end":{"line":73,"column":63}},"29":{"start":{"line":74,"column":62},"end":{"line":74,"column":91}},"30":{"start":{"line":76,"column":31},"end":{"line":97,"column":5}},"31":{"start":{"line":100,"column":32},"end":{"line":102,"column":5}},"32":{"start":{"line":101,"column":8},"end":{"line":101,"column":86}},"33":{"start":{"line":101,"column":44},"end":{"line":101,"column":83}},"34":{"start":{"line":105,"column":4},"end":{"line":145,"column":45}},"35":{"start":{"line":106,"column":8},"end":{"line":106,"column":45}},"36":{"start":{"line":108,"column":8},"end":{"line":110,"column":9}},"37":{"start":{"line":109,"column":12},"end":{"line":109,"column":53}},"38":{"start":{"line":109,"column":25},"end":{"line":109,"column":52}},"39":{"start":{"line":112,"column":21},"end":{"line":112,"column":60}},"40":{"start":{"line":113,"column":21},"end":{"line":113,"column":34}},"41":{"start":{"line":114,"column":21},"end":{"line":114,"column":45}},"42":{"start":{"line":116,"column":37},"end":{"line":116,"column":57}},"43":{"start":{"line":117,"column":35},"end":{"line":117,"column":53}},"44":{"start":{"line":118,"column":40},"end":{"line":118,"column":63}},"45":{"start":{"line":119,"column":37},"end":{"line":119,"column":56}},"46":{"start":{"line":120,"column":37},"end":{"line":120,"column":56}},"47":{"start":{"line":122,"column":8},"end":{"line":131,"column":9}},"48":{"start":{"line":123,"column":12},"end":{"line":127,"column":13}},"49":{"start":{"line":124,"column":16},"end":{"line":124,"column":47}},"50":{"start":{"line":125,"column":16},"end":{"line":125,"column":44}},"51":{"start":{"line":126,"column":16},"end":{"line":126,"column":48}},"52":{"start":{"line":129,"column":12},"end":{"line":129,"column":43}},"53":{"start":{"line":130,"column":12},"end":{"line":130,"column":43}},"54":{"start":{"line":133,"column":8},"end":{"line":144,"column":10}},"55":{"start":{"line":134,"column":12},"end":{"line":134,"column":40}},"56":{"start":{"line":136,"column":12},"end":{"line":140,"column":13}},"57":{"start":{"line":137,"column":16},"end":{"line":137,"column":65}},"58":{"start":{"line":138,"column":16},"end":{"line":138,"column":61}},"59":{"start":{"line":139,"column":16},"end":{"line":139,"column":71}},"60":{"start":{"line":142,"column":12},"end":{"line":142,"column":55}},"61":{"start":{"line":143,"column":12},"end":{"line":143,"column":55}},"62":{"start":{"line":147,"column":4},"end":{"line":704,"column":6}},"63":{"start":{"line":192,"column":43},"end":{"line":192,"column":78}},"64":{"start":{"line":192,"column":72},"end":{"line":192,"column":77}},"65":{"start":{"line":222,"column":44},"end":{"line":222,"column":70}},"66":{"start":{"line":223,"column":44},"end":{"line":223,"column":66}},"67":{"start":{"line":243,"column":44},"end":{"line":243,"column":70}},"68":{"start":{"line":244,"column":44},"end":{"line":244,"column":67}},"69":{"start":{"line":318,"column":52},"end":{"line":318,"column":77}},"70":{"start":{"line":326,"column":52},"end":{"line":326,"column":82}},"71":{"start":{"line":334,"column":52},"end":{"line":334,"column":75}},"72":{"start":{"line":341,"column":52},"end":{"line":341,"column":82}},"73":{"start":{"line":363,"column":52},"end":{"line":363,"column":111}},"74":{"start":{"line":369,"column":36},"end":{"line":389,"column":43}},"75":{"start":{"line":380,"column":48},"end":{"line":386,"column":55}},"76":{"start":{"line":406,"column":43},"end":{"line":406,"column":77}},"77":{"start":{"line":431,"column":47},"end":{"line":431,"column":95}},"78":{"start":{"line":487,"column":36},"end":{"line":487,"column":68}},"79":{"start":{"line":488,"column":36},"end":{"line":488,"column":58}},"80":{"start":{"line":507,"column":36},"end":{"line":507,"column":68}},"81":{"start":{"line":508,"column":36},"end":{"line":508,"column":59}},"82":{"start":{"line":538,"column":52},"end":{"line":538,"column":76}},"83":{"start":{"line":539,"column":43},"end":{"line":539,"column":67}},"84":{"start":{"line":545,"column":52},"end":{"line":545,"column":75}},"85":{"start":{"line":572,"column":59},"end":{"line":572,"column":83}},"86":{"start":{"line":587,"column":63},"end":{"line":587,"column":100}},"87":{"start":{"line":589,"column":44},"end":{"line":651,"column":46}},"88":{"start":{"line":597,"column":71},"end":{"line":597,"column":103}},"89":{"start":{"line":620,"column":64},"end":{"line":646,"column":71}},"90":{"start":{"line":624,"column":91},"end":{"line":624,"column":115}},"91":{"start":{"line":634,"column":76},"end":{"line":643,"column":83}},"92":{"start":{"line":637,"column":99},"end":{"line":637,"column":123}},"93":{"start":{"line":664,"column":63},"end":{"line":664,"column":87}},"94":{"start":{"line":676,"column":63},"end":{"line":676,"column":87}},"95":{"start":{"line":688,"column":63},"end":{"line":688,"column":87}}},"fnMap":{"0":{"name":"Navbar","decl":{"start":{"line":16,"column":24},"end":{"line":16,"column":30}},"loc":{"start":{"line":16,"column":68},"end":{"line":705,"column":1}},"line":16},"1":{"name":"(anonymous_1)","decl":{"start":{"line":36,"column":28},"end":{"line":36,"column":29}},"loc":{"start":{"line":36,"column":34},"end":{"line":43,"column":5}},"line":36},"2":{"name":"(anonymous_2)","decl":{"start":{"line":46,"column":29},"end":{"line":46,"column":30}},"loc":{"start":{"line":46,"column":35},"end":{"line":51,"column":5}},"line":46},"3":{"name":"(anonymous_3)","decl":{"start":{"line":47,"column":45},"end":{"line":47,"column":46}},"loc":{"start":{"line":47,"column":51},"end":{"line":49,"column":9}},"line":47},"4":{"name":"(anonymous_4)","decl":{"start":{"line":57,"column":25},"end":{"line":57,"column":26}},"loc":{"start":{"line":57,"column":65},"end":{"line":63,"column":5}},"line":57},"5":{"name":"(anonymous_5)","decl":{"start":{"line":66,"column":26},"end":{"line":66,"column":27}},"loc":{"start":{"line":66,"column":32},"end":{"line":70,"column":5}},"line":66},"6":{"name":"(anonymous_6)","decl":{"start":{"line":67,"column":53},"end":{"line":67,"column":54}},"loc":{"start":{"line":67,"column":59},"end":{"line":69,"column":9}},"line":67},"7":{"name":"(anonymous_7)","decl":{"start":{"line":100,"column":32},"end":{"line":100,"column":33}},"loc":{"start":{"line":100,"column":56},"end":{"line":102,"column":5}},"line":100},"8":{"name":"(anonymous_8)","decl":{"start":{"line":101,"column":33},"end":{"line":101,"column":34}},"loc":{"start":{"line":101,"column":44},"end":{"line":101,"column":83}},"line":101},"9":{"name":"(anonymous_9)","decl":{"start":{"line":105,"column":14},"end":{"line":105,"column":15}},"loc":{"start":{"line":105,"column":20},"end":{"line":145,"column":5}},"line":105},"10":{"name":"(anonymous_10)","decl":{"start":{"line":109,"column":19},"end":{"line":109,"column":20}},"loc":{"start":{"line":109,"column":25},"end":{"line":109,"column":52}},"line":109},"11":{"name":"(anonymous_11)","decl":{"start":{"line":133,"column":15},"end":{"line":133,"column":16}},"loc":{"start":{"line":133,"column":21},"end":{"line":144,"column":9}},"line":133},"12":{"name":"(anonymous_12)","decl":{"start":{"line":192,"column":37},"end":{"line":192,"column":38}},"loc":{"start":{"line":192,"column":43},"end":{"line":192,"column":78}},"line":192},"13":{"name":"(anonymous_13)","decl":{"start":{"line":192,"column":62},"end":{"line":192,"column":63}},"loc":{"start":{"line":192,"column":72},"end":{"line":192,"column":77}},"line":192},"14":{"name":"(anonymous_14)","decl":{"start":{"line":221,"column":49},"end":{"line":221,"column":50}},"loc":{"start":{"line":221,"column":55},"end":{"line":224,"column":41}},"line":221},"15":{"name":"(anonymous_15)","decl":{"start":{"line":242,"column":49},"end":{"line":242,"column":50}},"loc":{"start":{"line":242,"column":55},"end":{"line":245,"column":41}},"line":242},"16":{"name":"(anonymous_16)","decl":{"start":{"line":318,"column":46},"end":{"line":318,"column":47}},"loc":{"start":{"line":318,"column":52},"end":{"line":318,"column":77}},"line":318},"17":{"name":"(anonymous_17)","decl":{"start":{"line":326,"column":46},"end":{"line":326,"column":47}},"loc":{"start":{"line":326,"column":52},"end":{"line":326,"column":82}},"line":326},"18":{"name":"(anonymous_18)","decl":{"start":{"line":334,"column":46},"end":{"line":334,"column":47}},"loc":{"start":{"line":334,"column":52},"end":{"line":334,"column":75}},"line":334},"19":{"name":"(anonymous_19)","decl":{"start":{"line":341,"column":46},"end":{"line":341,"column":47}},"loc":{"start":{"line":341,"column":52},"end":{"line":341,"column":82}},"line":341},"20":{"name":"(anonymous_20)","decl":{"start":{"line":363,"column":46},"end":{"line":363,"column":47}},"loc":{"start":{"line":363,"column":52},"end":{"line":363,"column":111}},"line":363},"21":{"name":"(anonymous_21)","decl":{"start":{"line":368,"column":97},"end":{"line":368,"column":98}},"loc":{"start":{"line":369,"column":36},"end":{"line":389,"column":43}},"line":369},"22":{"name":"(anonymous_22)","decl":{"start":{"line":379,"column":63},"end":{"line":379,"column":64}},"loc":{"start":{"line":380,"column":48},"end":{"line":386,"column":55}},"line":380},"23":{"name":"(anonymous_23)","decl":{"start":{"line":406,"column":37},"end":{"line":406,"column":38}},"loc":{"start":{"line":406,"column":43},"end":{"line":406,"column":77}},"line":406},"24":{"name":"(anonymous_24)","decl":{"start":{"line":431,"column":41},"end":{"line":431,"column":42}},"loc":{"start":{"line":431,"column":47},"end":{"line":431,"column":95}},"line":431},"25":{"name":"(anonymous_25)","decl":{"start":{"line":486,"column":41},"end":{"line":486,"column":42}},"loc":{"start":{"line":486,"column":47},"end":{"line":489,"column":33}},"line":486},"26":{"name":"(anonymous_26)","decl":{"start":{"line":506,"column":41},"end":{"line":506,"column":42}},"loc":{"start":{"line":506,"column":47},"end":{"line":509,"column":33}},"line":506},"27":{"name":"(anonymous_27)","decl":{"start":{"line":538,"column":41},"end":{"line":538,"column":42}},"loc":{"start":{"line":538,"column":52},"end":{"line":538,"column":76}},"line":538},"28":{"name":"(anonymous_28)","decl":{"start":{"line":539,"column":37},"end":{"line":539,"column":38}},"loc":{"start":{"line":539,"column":43},"end":{"line":539,"column":67}},"line":539},"29":{"name":"(anonymous_29)","decl":{"start":{"line":545,"column":41},"end":{"line":545,"column":42}},"loc":{"start":{"line":545,"column":52},"end":{"line":545,"column":75}},"line":545},"30":{"name":"(anonymous_30)","decl":{"start":{"line":572,"column":53},"end":{"line":572,"column":54}},"loc":{"start":{"line":572,"column":59},"end":{"line":572,"column":83}},"line":572},"31":{"name":"(anonymous_31)","decl":{"start":{"line":586,"column":64},"end":{"line":586,"column":65}},"loc":{"start":{"line":586,"column":77},"end":{"line":652,"column":41}},"line":586},"32":{"name":"(anonymous_32)","decl":{"start":{"line":597,"column":65},"end":{"line":597,"column":66}},"loc":{"start":{"line":597,"column":71},"end":{"line":597,"column":103}},"line":597},"33":{"name":"(anonymous_33)","decl":{"start":{"line":619,"column":91},"end":{"line":619,"column":92}},"loc":{"start":{"line":620,"column":64},"end":{"line":646,"column":71}},"line":620},"34":{"name":"(anonymous_34)","decl":{"start":{"line":624,"column":85},"end":{"line":624,"column":86}},"loc":{"start":{"line":624,"column":91},"end":{"line":624,"column":115}},"line":624},"35":{"name":"(anonymous_35)","decl":{"start":{"line":633,"column":89},"end":{"line":633,"column":90}},"loc":{"start":{"line":634,"column":76},"end":{"line":643,"column":83}},"line":634},"36":{"name":"(anonymous_36)","decl":{"start":{"line":637,"column":93},"end":{"line":637,"column":94}},"loc":{"start":{"line":637,"column":99},"end":{"line":637,"column":123}},"line":637},"37":{"name":"(anonymous_37)","decl":{"start":{"line":664,"column":57},"end":{"line":664,"column":58}},"loc":{"start":{"line":664,"column":63},"end":{"line":664,"column":87}},"line":664},"38":{"name":"(anonymous_38)","decl":{"start":{"line":676,"column":57},"end":{"line":676,"column":58}},"loc":{"start":{"line":676,"column":63},"end":{"line":676,"column":87}},"line":676},"39":{"name":"(anonymous_39)","decl":{"start":{"line":688,"column":57},"end":{"line":688,"column":58}},"loc":{"start":{"line":688,"column":63},"end":{"line":688,"column":87}},"line":688}},"branchMap":{"0":{"loc":{"start":{"line":37,"column":8},"end":{"line":40,"column":9}},"type":"if","locations":[{"start":{"line":37,"column":8},"end":{"line":40,"column":9}},{"start":{},"end":{}}],"line":37},"1":{"loc":{"start":{"line":58,"column":8},"end":{"line":61,"column":9}},"type":"if","locations":[{"start":{"line":58,"column":8},"end":{"line":61,"column":9}},{"start":{},"end":{}}],"line":58},"2":{"loc":{"start":{"line":101,"column":44},"end":{"line":101,"column":83}},"type":"cond-expr","locations":[{"start":{"line":101,"column":66},"end":{"line":101,"column":70}},{"start":{"line":101,"column":73},"end":{"line":101,"column":83}}],"line":101},"3":{"loc":{"start":{"line":108,"column":8},"end":{"line":110,"column":9}},"type":"if","locations":[{"start":{"line":108,"column":8},"end":{"line":110,"column":9}},{"start":{},"end":{}}],"line":108},"4":{"loc":{"start":{"line":108,"column":12},"end":{"line":108,"column":68}},"type":"binary-expr","locations":[{"start":{"line":108,"column":12},"end":{"line":108,"column":33}},{"start":{"line":108,"column":37},"end":{"line":108,"column":68}}],"line":108},"5":{"loc":{"start":{"line":122,"column":8},"end":{"line":131,"column":9}},"type":"if","locations":[{"start":{"line":122,"column":8},"end":{"line":131,"column":9}},{"start":{},"end":{}}],"line":122},"6":{"loc":{"start":{"line":123,"column":12},"end":{"line":127,"column":13}},"type":"if","locations":[{"start":{"line":123,"column":12},"end":{"line":127,"column":13}},{"start":{},"end":{}}],"line":123},"7":{"loc":{"start":{"line":136,"column":12},"end":{"line":140,"column":13}},"type":"if","locations":[{"start":{"line":136,"column":12},"end":{"line":140,"column":13}},{"start":{},"end":{}}],"line":136},"8":{"loc":{"start":{"line":137,"column":38},"end":{"line":137,"column":64}},"type":"binary-expr","locations":[{"start":{"line":137,"column":38},"end":{"line":137,"column":58}},{"start":{"line":137,"column":62},"end":{"line":137,"column":64}}],"line":137},"9":{"loc":{"start":{"line":138,"column":36},"end":{"line":138,"column":60}},"type":"binary-expr","locations":[{"start":{"line":138,"column":36},"end":{"line":138,"column":54}},{"start":{"line":138,"column":58},"end":{"line":138,"column":60}}],"line":138},"10":{"loc":{"start":{"line":139,"column":41},"end":{"line":139,"column":70}},"type":"binary-expr","locations":[{"start":{"line":139,"column":41},"end":{"line":139,"column":64}},{"start":{"line":139,"column":68},"end":{"line":139,"column":70}}],"line":139},"11":{"loc":{"start":{"line":182,"column":29},"end":{"line":185,"column":25}},"type":"binary-expr","locations":[{"start":{"line":182,"column":29},"end":{"line":182,"column":50}},{"start":{"line":182,"column":54},"end":{"line":185,"column":25}}],"line":182},"12":{"loc":{"start":{"line":197,"column":39},"end":{"line":197,"column":78}},"type":"cond-expr","locations":[{"start":{"line":197,"column":57},"end":{"line":197,"column":66}},{"start":{"line":197,"column":69},"end":{"line":197,"column":78}}],"line":197},"13":{"loc":{"start":{"line":200,"column":67},"end":{"line":200,"column":118}},"type":"cond-expr","locations":[{"start":{"line":200,"column":85},"end":{"line":200,"column":100}},{"start":{"line":200,"column":103},"end":{"line":200,"column":118}}],"line":200},"14":{"loc":{"start":{"line":207,"column":25},"end":{"line":259,"column":32}},"type":"cond-expr","locations":[{"start":{"line":208,"column":28},"end":{"line":258,"column":35}},{"start":{"line":259,"column":28},"end":{"line":259,"column":32}}],"line":207},"15":{"loc":{"start":{"line":210,"column":37},"end":{"line":213,"column":33}},"type":"binary-expr","locations":[{"start":{"line":210,"column":37},"end":{"line":210,"column":58}},{"start":{"line":210,"column":62},"end":{"line":213,"column":33}}],"line":210},"16":{"loc":{"start":{"line":358,"column":21},"end":{"line":393,"column":28}},"type":"cond-expr","locations":[{"start":{"line":359,"column":24},"end":{"line":392,"column":31}},{"start":{"line":393,"column":24},"end":{"line":393,"column":28}}],"line":358},"17":{"loc":{"start":{"line":358,"column":21},"end":{"line":358,"column":73}},"type":"binary-expr","locations":[{"start":{"line":358,"column":21},"end":{"line":358,"column":37}},{"start":{"line":358,"column":41},"end":{"line":358,"column":73}}],"line":358},"18":{"loc":{"start":{"line":362,"column":33},"end":{"line":365,"column":29}},"type":"binary-expr","locations":[{"start":{"line":362,"column":33},"end":{"line":362,"column":54}},{"start":{"line":362,"column":58},"end":{"line":365,"column":29}}],"line":362},"19":{"loc":{"start":{"line":404,"column":48},"end":{"line":404,"column":105}},"type":"cond-expr","locations":[{"start":{"line":404,"column":65},"end":{"line":404,"column":84}},{"start":{"line":404,"column":87},"end":{"line":404,"column":105}}],"line":404},"20":{"loc":{"start":{"line":409,"column":38},"end":{"line":409,"column":87}},"type":"cond-expr","locations":[{"start":{"line":409,"column":55},"end":{"line":409,"column":70}},{"start":{"line":409,"column":73},"end":{"line":409,"column":87}}],"line":409},"21":{"loc":{"start":{"line":460,"column":21},"end":{"line":479,"column":28}},"type":"cond-expr","locations":[{"start":{"line":461,"column":24},"end":{"line":478,"column":31}},{"start":{"line":479,"column":24},"end":{"line":479,"column":28}}],"line":460},"22":{"loc":{"start":{"line":462,"column":35},"end":{"line":462,"column":87}},"type":"cond-expr","locations":[{"start":{"line":462,"column":59},"end":{"line":462,"column":75}},{"start":{"line":462,"column":78},"end":{"line":462,"column":87}}],"line":462},"23":{"loc":{"start":{"line":474,"column":47},"end":{"line":474,"column":135}},"type":"cond-expr","locations":[{"start":{"line":474,"column":71},"end":{"line":474,"column":114}},{"start":{"line":474,"column":117},"end":{"line":474,"column":135}}],"line":474},"24":{"loc":{"start":{"line":475,"column":43},"end":{"line":475,"column":90}},"type":"cond-expr","locations":[{"start":{"line":475,"column":67},"end":{"line":475,"column":76}},{"start":{"line":475,"column":79},"end":{"line":475,"column":90}}],"line":475},"25":{"loc":{"start":{"line":481,"column":17},"end":{"line":523,"column":24}},"type":"cond-expr","locations":[{"start":{"line":482,"column":20},"end":{"line":522,"column":27}},{"start":{"line":523,"column":20},"end":{"line":523,"column":24}}],"line":481},"26":{"loc":{"start":{"line":523,"column":26},"end":{"line":701,"column":24}},"type":"cond-expr","locations":[{"start":{"line":524,"column":20},"end":{"line":700,"column":27}},{"start":{"line":701,"column":20},"end":{"line":701,"column":24}}],"line":523},"27":{"loc":{"start":{"line":528,"column":28},"end":{"line":530,"column":62}},"type":"cond-expr","locations":[{"start":{"line":529,"column":35},"end":{"line":529,"column":118}},{"start":{"line":530,"column":35},"end":{"line":530,"column":61}}],"line":528},"28":{"loc":{"start":{"line":554,"column":36},"end":{"line":560,"column":60}},"type":"cond-expr","locations":[{"start":{"line":555,"column":42},"end":{"line":559,"column":48}},{"start":{"line":560,"column":42},"end":{"line":560,"column":60}}],"line":554},"29":{"loc":{"start":{"line":611,"column":66},"end":{"line":611,"column":127}},"type":"cond-expr","locations":[{"start":{"line":611,"column":79},"end":{"line":611,"column":99}},{"start":{"line":611,"column":102},"end":{"line":611,"column":127}}],"line":611},"30":{"loc":{"start":{"line":617,"column":53},"end":{"line":649,"column":60}},"type":"cond-expr","locations":[{"start":{"line":618,"column":56},"end":{"line":648,"column":63}},{"start":{"line":649,"column":56},"end":{"line":649,"column":60}}],"line":617}},"s":{"0":101,"1":101,"2":101,"3":101,"4":101,"5":101,"6":101,"7":101,"8":101,"9":101,"10":0,"11":0,"12":0,"13":0,"14":0,"15":101,"16":0,"17":0,"18":0,"19":101,"20":101,"21":8,"22":2,"23":2,"24":8,"25":101,"26":6,"27":4,"28":101,"29":101,"30":101,"31":101,"32":7,"33":7,"34":101,"35":66,"36":66,"37":63,"38":63,"39":3,"40":3,"41":3,"42":3,"43":3,"44":3,"45":3,"46":3,"47":3,"48":1,"49":1,"50":1,"51":1,"52":1,"53":1,"54":3,"55":3,"56":3,"57":3,"58":3,"59":3,"60":3,"61":3,"62":101,"63":5,"64":5,"65":1,"66":1,"67":1,"68":1,"69":4,"70":1,"71":1,"72":1,"73":1,"74":24,"75":112,"76":20,"77":4,"78":1,"79":1,"80":1,"81":1,"82":1,"83":1,"84":1,"85":1,"86":100,"87":100,"88":7,"89":18,"90":1,"91":94,"92":1,"93":1,"94":1,"95":1},"f":{"0":101,"1":0,"2":0,"3":0,"4":8,"5":6,"6":4,"7":7,"8":7,"9":66,"10":63,"11":3,"12":5,"13":5,"14":1,"15":1,"16":4,"17":1,"18":1,"19":1,"20":1,"21":24,"22":112,"23":20,"24":4,"25":1,"26":1,"27":1,"28":1,"29":1,"30":1,"31":100,"32":7,"33":18,"34":1,"35":94,"36":1,"37":1,"38":1,"39":1},"b":{"0":[0,0],"1":[2,6],"2":[1,6],"3":[63,3],"4":[66,15],"5":[1,2],"6":[1,0],"7":[3,0],"8":[3,3],"9":[3,3],"10":[3,3],"11":[101,34],"12":[4,97],"13":[4,97],"14":[4,97],"15":[4,4],"16":[8,93],"17":[101,8],"18":[8,8],"19":[25,76],"20":[25,76],"21":[76,25],"22":[32,44],"23":[32,44],"24":[32,44],"25":[3,98],"26":[25,76],"27":[2,23],"28":[2,23],"29":[6,94],"30":[6,94]},"_coverageSchema":"1a1c01bbd47fc00a2c39e90264f33305004495a9","hash":"5df046cccaf97ead555eb0f43b659ec52d5e5246"}
,"/Users/ahmedozdogan/Desktop/Github/helphub-web/helphub-webapp/components/Numbers.tsx": {"path":"/Users/ahmedozdogan/Desktop/Github/helphub-web/helphub-webapp/components/Numbers.tsx","statementMap":{"0":{"start":{"line":5,"column":24},"end":{"line":5,"column":40}},"1":{"start":{"line":7,"column":4},"end":{"line":48,"column":5}}},"fnMap":{"0":{"name":"Numbers","decl":{"start":{"line":4,"column":9},"end":{"line":4,"column":16}},"loc":{"start":{"line":4,"column":19},"end":{"line":49,"column":1}},"line":4}},"branchMap":{},"s":{"0":8,"1":8},"f":{"0":8},"b":{},"_coverageSchema":"1a1c01bbd47fc00a2c39e90264f33305004495a9","hash":"59c1686055d185810265232a02ba0b9b251042e4"}
,"/Users/ahmedozdogan/Desktop/Github/helphub-web/helphub-webapp/components/PopulerCategories.tsx": {"path":"/Users/ahmedozdogan/Desktop/Github/helphub-web/helphub-webapp/components/PopulerCategories.tsx","statementMap":{"0":{"start":{"line":15,"column":24},"end":{"line":15,"column":40}},"1":{"start":{"line":16,"column":4},"end":{"line":37,"column":6}}},"fnMap":{"0":{"name":"PopulerCategories","decl":{"start":{"line":14,"column":9},"end":{"line":14,"column":26}},"loc":{"start":{"line":14,"column":29},"end":{"line":38,"column":1}},"line":14}},"branchMap":{},"s":{"0":4,"1":4},"f":{"0":4},"b":{},"_coverageSchema":"1a1c01bbd47fc00a2c39e90264f33305004495a9","hash":"da3092cafad0937d2bd0d4a5180815d86c79ec2e"}
,"/Users/ahmedozdogan/Desktop/Github/helphub-web/helphub-webapp/components/Slider.tsx": {"path":"/Users/ahmedozdogan/Desktop/Github/helphub-web/helphub-webapp/components/Slider.tsx","statementMap":{"0":{"start":{"line":27,"column":22},"end":{"line":27,"column":67}},"1":{"start":{"line":28,"column":21},"end":{"line":28,"column":81}},"2":{"start":{"line":31,"column":24},"end":{"line":31,"column":28}},"3":{"start":{"line":32,"column":23},"end":{"line":32,"column":26}},"4":{"start":{"line":33,"column":26},"end":{"line":33,"column":57}},"5":{"start":{"line":37,"column":42},"end":{"line":37,"column":53}},"6":{"start":{"line":39,"column":42},"end":{"line":39,"column":53}},"7":{"start":{"line":41,"column":23},"end":{"line":41,"column":60}},"8":{"start":{"line":43,"column":24},"end":{"line":43,"column":75}},"9":{"start":{"line":45,"column":27},"end":{"line":45,"column":40}},"10":{"start":{"line":49,"column":8},"end":{"line":51,"column":25}},"11":{"start":{"line":54,"column":27},"end":{"line":54,"column":63}},"12":{"start":{"line":56,"column":26},"end":{"line":56,"column":41}},"13":{"start":{"line":58,"column":26},"end":{"line":58,"column":71}},"14":{"start":{"line":60,"column":24},"end":{"line":60,"column":92}},"15":{"start":{"line":60,"column":38},"end":{"line":60,"column":74}},"16":{"start":{"line":63,"column":31},"end":{"line":65,"column":5}},"17":{"start":{"line":64,"column":8},"end":{"line":64,"column":52}},"18":{"start":{"line":68,"column":25},"end":{"line":73,"column":5}},"19":{"start":{"line":69,"column":8},"end":{"line":72,"column":9}},"20":{"start":{"line":70,"column":12},"end":{"line":70,"column":47}},"21":{"start":{"line":71,"column":12},"end":{"line":71,"column":39}},"22":{"start":{"line":76,"column":25},"end":{"line":85,"column":5}},"23":{"start":{"line":77,"column":26},"end":{"line":77,"column":68}},"24":{"start":{"line":79,"column":8},"end":{"line":81,"column":9}},"25":{"start":{"line":80,"column":12},"end":{"line":80,"column":19}},"26":{"start":{"line":83,"column":8},"end":{"line":83,"column":34}},"27":{"start":{"line":84,"column":8},"end":{"line":84,"column":56}},"28":{"start":{"line":88,"column":27},"end":{"line":104,"column":5}},"29":{"start":{"line":89,"column":8},"end":{"line":91,"column":9}},"30":{"start":{"line":90,"column":12},"end":{"line":90,"column":19}},"31":{"start":{"line":93,"column":8},"end":{"line":93,"column":38}},"32":{"start":{"line":95,"column":8},"end":{"line":103,"column":11}},"33":{"start":{"line":101,"column":12},"end":{"line":101,"column":43}},"34":{"start":{"line":102,"column":12},"end":{"line":102,"column":23}},"35":{"start":{"line":107,"column":22},"end":{"line":114,"column":5}},"36":{"start":{"line":108,"column":8},"end":{"line":110,"column":9}},"37":{"start":{"line":109,"column":12},"end":{"line":109,"column":19}},"38":{"start":{"line":112,"column":8},"end":{"line":112,"column":34}},"39":{"start":{"line":113,"column":8},"end":{"line":113,"column":34}},"40":{"start":{"line":117,"column":25},"end":{"line":125,"column":5}},"41":{"start":{"line":118,"column":8},"end":{"line":120,"column":9}},"42":{"start":{"line":119,"column":12},"end":{"line":119,"column":19}},"43":{"start":{"line":122,"column":30},"end":{"line":122,"column":92}},"44":{"start":{"line":123,"column":8},"end":{"line":123,"column":38}},"45":{"start":{"line":124,"column":8},"end":{"line":124,"column":38}},"46":{"start":{"line":128,"column":21},"end":{"line":144,"column":5}},"47":{"start":{"line":129,"column":8},"end":{"line":131,"column":9}},"48":{"start":{"line":130,"column":12},"end":{"line":130,"column":19}},"49":{"start":{"line":133,"column":8},"end":{"line":139,"column":9}},"50":{"start":{"line":134,"column":12},"end":{"line":134,"column":30}},"51":{"start":{"line":135,"column":12},"end":{"line":137,"column":15}},"52":{"start":{"line":136,"column":16},"end":{"line":136,"column":38}},"53":{"start":{"line":138,"column":12},"end":{"line":138,"column":19}},"54":{"start":{"line":141,"column":26},"end":{"line":141,"column":41}},"55":{"start":{"line":142,"column":8},"end":{"line":142,"column":34}},"56":{"start":{"line":143,"column":8},"end":{"line":143,"column":34}},"57":{"start":{"line":147,"column":34},"end":{"line":158,"column":5}},"58":{"start":{"line":148,"column":8},"end":{"line":150,"column":9}},"59":{"start":{"line":149,"column":12},"end":{"line":149,"column":19}},"60":{"start":{"line":152,"column":8},"end":{"line":152,"column":67}},"61":{"start":{"line":153,"column":8},"end":{"line":153,"column":49}},"62":{"start":{"line":155,"column":8},"end":{"line":157,"column":11}},"63":{"start":{"line":156,"column":12},"end":{"line":156,"column":53}},"64":{"start":{"line":161,"column":25},"end":{"line":203,"column":5}},"65":{"start":{"line":163,"column":12},"end":{"line":201,"column":14}},"66":{"start":{"line":166,"column":20},"end":{"line":166,"column":132}},"67":{"start":{"line":170,"column":20},"end":{"line":170,"column":35}},"68":{"start":{"line":171,"column":20},"end":{"line":171,"column":47}},"69":{"start":{"line":175,"column":20},"end":{"line":178,"column":21}},"70":{"start":{"line":176,"column":24},"end":{"line":176,"column":40}},"71":{"start":{"line":177,"column":24},"end":{"line":177,"column":31}},"72":{"start":{"line":180,"column":43},"end":{"line":180,"column":61}},"73":{"start":{"line":182,"column":20},"end":{"line":192,"column":21}},"74":{"start":{"line":183,"column":24},"end":{"line":183,"column":35}},"75":{"start":{"line":184,"column":27},"end":{"line":192,"column":21}},"76":{"start":{"line":185,"column":24},"end":{"line":189,"column":25}},"77":{"start":{"line":186,"column":28},"end":{"line":186,"column":52}},"78":{"start":{"line":188,"column":28},"end":{"line":188,"column":43}},"79":{"start":{"line":191,"column":24},"end":{"line":191,"column":56}},"80":{"start":{"line":194,"column":20},"end":{"line":194,"column":36}},"81":{"start":{"line":198,"column":20},"end":{"line":198,"column":52}},"82":{"start":{"line":199,"column":20},"end":{"line":199,"column":36}},"83":{"start":{"line":206,"column":26},"end":{"line":218,"column":5}},"84":{"start":{"line":207,"column":8},"end":{"line":207,"column":23}},"85":{"start":{"line":209,"column":8},"end":{"line":211,"column":9}},"86":{"start":{"line":210,"column":12},"end":{"line":210,"column":19}},"87":{"start":{"line":213,"column":8},"end":{"line":217,"column":28}},"88":{"start":{"line":214,"column":12},"end":{"line":216,"column":13}},"89":{"start":{"line":215,"column":16},"end":{"line":215,"column":27}},"90":{"start":{"line":221,"column":4},"end":{"line":232,"column":22}},"91":{"start":{"line":222,"column":8},"end":{"line":224,"column":9}},"92":{"start":{"line":223,"column":12},"end":{"line":223,"column":19}},"93":{"start":{"line":226,"column":8},"end":{"line":226,"column":58}},"94":{"start":{"line":227,"column":8},"end":{"line":227,"column":24}},"95":{"start":{"line":229,"column":8},"end":{"line":231,"column":10}},"96":{"start":{"line":230,"column":12},"end":{"line":230,"column":27}},"97":{"start":{"line":235,"column":4},"end":{"line":239,"column":11}},"98":{"start":{"line":236,"column":8},"end":{"line":238,"column":10}},"99":{"start":{"line":237,"column":12},"end":{"line":237,"column":27}},"100":{"start":{"line":242,"column":4},"end":{"line":326,"column":6}},"101":{"start":{"line":251,"column":24},"end":{"line":251,"column":39}},"102":{"start":{"line":252,"column":24},"end":{"line":252,"column":35}},"103":{"start":{"line":253,"column":24},"end":{"line":253,"column":40}},"104":{"start":{"line":256,"column":24},"end":{"line":256,"column":39}},"105":{"start":{"line":257,"column":24},"end":{"line":261,"column":25}},"106":{"start":{"line":258,"column":28},"end":{"line":258,"column":52}},"107":{"start":{"line":260,"column":28},"end":{"line":260,"column":43}},"108":{"start":{"line":262,"column":24},"end":{"line":262,"column":40}},"109":{"start":{"line":278,"column":24},"end":{"line":289,"column":31}},"110":{"start":{"line":306,"column":37},"end":{"line":306,"column":58}},"111":{"start":{"line":308,"column":20},"end":{"line":322,"column":22}},"112":{"start":{"line":316,"column":32},"end":{"line":316,"column":47}},"113":{"start":{"line":317,"column":32},"end":{"line":317,"column":49}},"114":{"start":{"line":318,"column":32},"end":{"line":318,"column":48}}},"fnMap":{"0":{"name":"Slider","decl":{"start":{"line":35,"column":9},"end":{"line":35,"column":15}},"loc":{"start":{"line":35,"column":18},"end":{"line":327,"column":1}},"line":35},"1":{"name":"(anonymous_1)","decl":{"start":{"line":60,"column":32},"end":{"line":60,"column":33}},"loc":{"start":{"line":60,"column":38},"end":{"line":60,"column":74}},"line":60},"2":{"name":"(anonymous_2)","decl":{"start":{"line":63,"column":31},"end":{"line":63,"column":32}},"loc":{"start":{"line":63,"column":50},"end":{"line":65,"column":5}},"line":63},"3":{"name":"(anonymous_3)","decl":{"start":{"line":68,"column":25},"end":{"line":68,"column":26}},"loc":{"start":{"line":68,"column":31},"end":{"line":73,"column":5}},"line":68},"4":{"name":"(anonymous_4)","decl":{"start":{"line":76,"column":25},"end":{"line":76,"column":26}},"loc":{"start":{"line":76,"column":55},"end":{"line":85,"column":5}},"line":76},"5":{"name":"(anonymous_5)","decl":{"start":{"line":88,"column":27},"end":{"line":88,"column":28}},"loc":{"start":{"line":88,"column":71},"end":{"line":104,"column":5}},"line":88},"6":{"name":"(anonymous_6)","decl":{"start":{"line":100,"column":17},"end":{"line":100,"column":18}},"loc":{"start":{"line":100,"column":23},"end":{"line":103,"column":9}},"line":100},"7":{"name":"(anonymous_7)","decl":{"start":{"line":107,"column":22},"end":{"line":107,"column":23}},"loc":{"start":{"line":107,"column":45},"end":{"line":114,"column":5}},"line":107},"8":{"name":"(anonymous_8)","decl":{"start":{"line":117,"column":25},"end":{"line":117,"column":26}},"loc":{"start":{"line":117,"column":31},"end":{"line":125,"column":5}},"line":117},"9":{"name":"(anonymous_9)","decl":{"start":{"line":128,"column":21},"end":{"line":128,"column":22}},"loc":{"start":{"line":128,"column":27},"end":{"line":144,"column":5}},"line":128},"10":{"name":"(anonymous_10)","decl":{"start":{"line":135,"column":49},"end":{"line":135,"column":50}},"loc":{"start":{"line":135,"column":55},"end":{"line":137,"column":13}},"line":135},"11":{"name":"(anonymous_11)","decl":{"start":{"line":147,"column":34},"end":{"line":147,"column":35}},"loc":{"start":{"line":147,"column":40},"end":{"line":158,"column":5}},"line":147},"12":{"name":"(anonymous_12)","decl":{"start":{"line":155,"column":30},"end":{"line":155,"column":31}},"loc":{"start":{"line":155,"column":36},"end":{"line":157,"column":9}},"line":155},"13":{"name":"(anonymous_13)","decl":{"start":{"line":162,"column":8},"end":{"line":162,"column":9}},"loc":{"start":{"line":163,"column":12},"end":{"line":201,"column":14}},"line":163},"14":{"name":"(anonymous_14)","decl":{"start":{"line":165,"column":45},"end":{"line":165,"column":46}},"loc":{"start":{"line":165,"column":66},"end":{"line":167,"column":17}},"line":165},"15":{"name":"(anonymous_15)","decl":{"start":{"line":169,"column":37},"end":{"line":169,"column":38}},"loc":{"start":{"line":169,"column":43},"end":{"line":172,"column":17}},"line":169},"16":{"name":"(anonymous_16)","decl":{"start":{"line":174,"column":39},"end":{"line":174,"column":40}},"loc":{"start":{"line":174,"column":60},"end":{"line":195,"column":17}},"line":174},"17":{"name":"(anonymous_17)","decl":{"start":{"line":197,"column":41},"end":{"line":197,"column":42}},"loc":{"start":{"line":197,"column":47},"end":{"line":200,"column":17}},"line":197},"18":{"name":"(anonymous_18)","decl":{"start":{"line":206,"column":26},"end":{"line":206,"column":27}},"loc":{"start":{"line":206,"column":32},"end":{"line":218,"column":5}},"line":206},"19":{"name":"(anonymous_19)","decl":{"start":{"line":213,"column":42},"end":{"line":213,"column":43}},"loc":{"start":{"line":213,"column":48},"end":{"line":217,"column":9}},"line":213},"20":{"name":"(anonymous_20)","decl":{"start":{"line":221,"column":14},"end":{"line":221,"column":15}},"loc":{"start":{"line":221,"column":20},"end":{"line":232,"column":5}},"line":221},"21":{"name":"(anonymous_21)","decl":{"start":{"line":229,"column":15},"end":{"line":229,"column":16}},"loc":{"start":{"line":229,"column":21},"end":{"line":231,"column":9}},"line":229},"22":{"name":"(anonymous_22)","decl":{"start":{"line":235,"column":14},"end":{"line":235,"column":15}},"loc":{"start":{"line":235,"column":20},"end":{"line":239,"column":5}},"line":235},"23":{"name":"(anonymous_23)","decl":{"start":{"line":236,"column":15},"end":{"line":236,"column":16}},"loc":{"start":{"line":236,"column":21},"end":{"line":238,"column":9}},"line":236},"24":{"name":"(anonymous_24)","decl":{"start":{"line":250,"column":37},"end":{"line":250,"column":38}},"loc":{"start":{"line":250,"column":43},"end":{"line":254,"column":21}},"line":250},"25":{"name":"(anonymous_25)","decl":{"start":{"line":255,"column":38},"end":{"line":255,"column":39}},"loc":{"start":{"line":255,"column":44},"end":{"line":263,"column":21}},"line":255},"26":{"name":"(anonymous_26)","decl":{"start":{"line":277,"column":37},"end":{"line":277,"column":38}},"loc":{"start":{"line":278,"column":24},"end":{"line":289,"column":31}},"line":278},"27":{"name":"(anonymous_27)","decl":{"start":{"line":305,"column":35},"end":{"line":305,"column":36}},"loc":{"start":{"line":305,"column":49},"end":{"line":323,"column":17}},"line":305},"28":{"name":"(anonymous_28)","decl":{"start":{"line":315,"column":37},"end":{"line":315,"column":38}},"loc":{"start":{"line":315,"column":43},"end":{"line":319,"column":29}},"line":315}},"branchMap":{"0":{"loc":{"start":{"line":49,"column":8},"end":{"line":51,"column":25}},"type":"cond-expr","locations":[{"start":{"line":50,"column":14},"end":{"line":50,"column":77}},{"start":{"line":51,"column":14},"end":{"line":51,"column":25}}],"line":49},"1":{"loc":{"start":{"line":49,"column":8},"end":{"line":49,"column":83}},"type":"binary-expr","locations":[{"start":{"line":49,"column":8},"end":{"line":49,"column":29}},{"start":{"line":49,"column":33},"end":{"line":49,"column":54}},{"start":{"line":49,"column":58},"end":{"line":49,"column":83}}],"line":49},"2":{"loc":{"start":{"line":54,"column":27},"end":{"line":54,"column":63}},"type":"binary-expr","locations":[{"start":{"line":54,"column":27},"end":{"line":54,"column":42}},{"start":{"line":54,"column":46},"end":{"line":54,"column":63}}],"line":54},"3":{"loc":{"start":{"line":58,"column":26},"end":{"line":58,"column":71}},"type":"cond-expr","locations":[{"start":{"line":58,"column":43},"end":{"line":58,"column":55}},{"start":{"line":58,"column":58},"end":{"line":58,"column":71}}],"line":58},"4":{"loc":{"start":{"line":69,"column":8},"end":{"line":72,"column":9}},"type":"if","locations":[{"start":{"line":69,"column":8},"end":{"line":72,"column":9}},{"start":{},"end":{}}],"line":69},"5":{"loc":{"start":{"line":79,"column":8},"end":{"line":81,"column":9}},"type":"if","locations":[{"start":{"line":79,"column":8},"end":{"line":81,"column":9}},{"start":{},"end":{}}],"line":79},"6":{"loc":{"start":{"line":79,"column":12},"end":{"line":79,"column":51}},"type":"binary-expr","locations":[{"start":{"line":79,"column":12},"end":{"line":79,"column":22}},{"start":{"line":79,"column":26},"end":{"line":79,"column":51}}],"line":79},"7":{"loc":{"start":{"line":89,"column":8},"end":{"line":91,"column":9}},"type":"if","locations":[{"start":{"line":89,"column":8},"end":{"line":91,"column":9}},{"start":{},"end":{}}],"line":89},"8":{"loc":{"start":{"line":89,"column":12},"end":{"line":89,"column":50}},"type":"binary-expr","locations":[{"start":{"line":89,"column":12},"end":{"line":89,"column":24}},{"start":{"line":89,"column":28},"end":{"line":89,"column":50}}],"line":89},"9":{"loc":{"start":{"line":108,"column":8},"end":{"line":110,"column":9}},"type":"if","locations":[{"start":{"line":108,"column":8},"end":{"line":110,"column":9}},{"start":{},"end":{}}],"line":108},"10":{"loc":{"start":{"line":108,"column":12},"end":{"line":108,"column":53}},"type":"binary-expr","locations":[{"start":{"line":108,"column":12},"end":{"line":108,"column":37}},{"start":{"line":108,"column":41},"end":{"line":108,"column":53}}],"line":108},"11":{"loc":{"start":{"line":118,"column":8},"end":{"line":120,"column":9}},"type":"if","locations":[{"start":{"line":118,"column":8},"end":{"line":120,"column":9}},{"start":{},"end":{}}],"line":118},"12":{"loc":{"start":{"line":122,"column":30},"end":{"line":122,"column":92}},"type":"cond-expr","locations":[{"start":{"line":122,"column":50},"end":{"line":122,"column":74}},{"start":{"line":122,"column":77},"end":{"line":122,"column":92}}],"line":122},"13":{"loc":{"start":{"line":129,"column":8},"end":{"line":131,"column":9}},"type":"if","locations":[{"start":{"line":129,"column":8},"end":{"line":131,"column":9}},{"start":{},"end":{}}],"line":129},"14":{"loc":{"start":{"line":133,"column":8},"end":{"line":139,"column":9}},"type":"if","locations":[{"start":{"line":133,"column":8},"end":{"line":139,"column":9}},{"start":{},"end":{}}],"line":133},"15":{"loc":{"start":{"line":148,"column":8},"end":{"line":150,"column":9}},"type":"if","locations":[{"start":{"line":148,"column":8},"end":{"line":150,"column":9}},{"start":{},"end":{}}],"line":148},"16":{"loc":{"start":{"line":166,"column":27},"end":{"line":166,"column":131}},"type":"binary-expr","locations":[{"start":{"line":166,"column":27},"end":{"line":166,"column":40}},{"start":{"line":166,"column":44},"end":{"line":166,"column":97}},{"start":{"line":166,"column":101},"end":{"line":166,"column":131}}],"line":166},"17":{"loc":{"start":{"line":175,"column":20},"end":{"line":178,"column":21}},"type":"if","locations":[{"start":{"line":175,"column":20},"end":{"line":178,"column":21}},{"start":{},"end":{}}],"line":175},"18":{"loc":{"start":{"line":175,"column":24},"end":{"line":175,"column":54}},"type":"binary-expr","locations":[{"start":{"line":175,"column":24},"end":{"line":175,"column":38}},{"start":{"line":175,"column":42},"end":{"line":175,"column":54}}],"line":175},"19":{"loc":{"start":{"line":182,"column":20},"end":{"line":192,"column":21}},"type":"if","locations":[{"start":{"line":182,"column":20},"end":{"line":192,"column":21}},{"start":{"line":184,"column":27},"end":{"line":192,"column":21}}],"line":182},"20":{"loc":{"start":{"line":184,"column":27},"end":{"line":192,"column":21}},"type":"if","locations":[{"start":{"line":184,"column":27},"end":{"line":192,"column":21}},{"start":{"line":190,"column":27},"end":{"line":192,"column":21}}],"line":184},"21":{"loc":{"start":{"line":185,"column":24},"end":{"line":189,"column":25}},"type":"if","locations":[{"start":{"line":185,"column":24},"end":{"line":189,"column":25}},{"start":{"line":187,"column":31},"end":{"line":189,"column":25}}],"line":185},"22":{"loc":{"start":{"line":209,"column":8},"end":{"line":211,"column":9}},"type":"if","locations":[{"start":{"line":209,"column":8},"end":{"line":211,"column":9}},{"start":{},"end":{}}],"line":209},"23":{"loc":{"start":{"line":214,"column":12},"end":{"line":216,"column":13}},"type":"if","locations":[{"start":{"line":214,"column":12},"end":{"line":216,"column":13}},{"start":{},"end":{}}],"line":214},"24":{"loc":{"start":{"line":222,"column":8},"end":{"line":224,"column":9}},"type":"if","locations":[{"start":{"line":222,"column":8},"end":{"line":224,"column":9}},{"start":{},"end":{}}],"line":222},"25":{"loc":{"start":{"line":247,"column":17},"end":{"line":247,"column":62}},"type":"cond-expr","locations":[{"start":{"line":247,"column":33},"end":{"line":247,"column":57}},{"start":{"line":247,"column":60},"end":{"line":247,"column":62}}],"line":247},"26":{"loc":{"start":{"line":248,"column":17},"end":{"line":265,"column":20}},"type":"cond-expr","locations":[{"start":{"line":249,"column":18},"end":{"line":264,"column":17}},{"start":{"line":265,"column":18},"end":{"line":265,"column":20}}],"line":248},"27":{"loc":{"start":{"line":257,"column":24},"end":{"line":261,"column":25}},"type":"if","locations":[{"start":{"line":257,"column":24},"end":{"line":261,"column":25}},{"start":{"line":259,"column":31},"end":{"line":261,"column":25}}],"line":257},"28":{"loc":{"start":{"line":267,"column":13},"end":{"line":301,"column":13}},"type":"cond-expr","locations":[{"start":{"line":268,"column":16},"end":{"line":291,"column":32}},{"start":{"line":293,"column":16},"end":{"line":300,"column":23}}],"line":267},"29":{"loc":{"start":{"line":286,"column":44},"end":{"line":286,"column":80}},"type":"cond-expr","locations":[{"start":{"line":286,"column":61},"end":{"line":286,"column":70}},{"start":{"line":286,"column":73},"end":{"line":286,"column":80}}],"line":286},"30":{"loc":{"start":{"line":320,"column":107},"end":{"line":320,"column":144}},"type":"cond-expr","locations":[{"start":{"line":320,"column":118},"end":{"line":320,"column":128}},{"start":{"line":320,"column":131},"end":{"line":320,"column":144}}],"line":320}},"s":{"0":1,"1":1,"2":1,"3":1,"4":1,"5":51,"6":51,"7":51,"8":51,"9":51,"10":51,"11":51,"12":51,"13":51,"14":51,"15":39,"16":51,"17":1,"18":51,"19":85,"20":28,"21":28,"22":51,"23":18,"24":18,"25":0,"26":18,"27":18,"28":51,"29":9,"30":0,"31":9,"32":9,"33":9,"34":9,"35":51,"36":6,"37":2,"38":4,"39":4,"40":51,"41":1,"42":0,"43":1,"44":1,"45":1,"46":51,"47":4,"48":1,"49":3,"50":1,"51":1,"52":1,"53":1,"54":2,"55":2,"56":2,"57":51,"58":3,"59":1,"60":2,"61":2,"62":2,"63":1,"64":51,"65":51,"66":8,"67":0,"68":0,"69":0,"70":0,"71":0,"72":0,"73":0,"74":0,"75":0,"76":0,"77":0,"78":0,"79":0,"80":0,"81":0,"82":0,"83":51,"84":31,"85":31,"86":3,"87":28,"88":1,"89":1,"90":51,"91":41,"92":23,"93":18,"94":18,"95":18,"96":18,"97":51,"98":23,"99":23,"100":51,"101":3,"102":3,"103":3,"104":4,"105":4,"106":3,"107":1,"108":4,"109":142,"110":229,"111":229,"112":6,"113":6,"114":6},"f":{"0":51,"1":39,"2":1,"3":85,"4":18,"5":9,"6":9,"7":6,"8":1,"9":4,"10":1,"11":3,"12":1,"13":51,"14":8,"15":0,"16":0,"17":0,"18":31,"19":1,"20":41,"21":18,"22":23,"23":23,"24":3,"25":4,"26":142,"27":229,"28":6},"b":{"0":[51,0],"1":[51,51,0],"2":[51,28],"3":[26,25],"4":[28,57],"5":[0,18],"6":[18,18],"7":[0,9],"8":[9,9],"9":[2,4],"10":[6,5],"11":[0,1],"12":[0,1],"13":[1,3],"14":[1,2],"15":[1,2],"16":[8,8,0],"17":[0,0],"18":[0,0],"19":[0,0],"20":[0,0],"21":[0,0],"22":[3,28],"23":[1,0],"24":[23,18],"25":[28,23],"26":[51,0],"27":[3,1],"28":[28,23],"29":[130,12],"30":[51,178]},"_coverageSchema":"1a1c01bbd47fc00a2c39e90264f33305004495a9","hash":"e394e94ca700e63e80086b4c37b56bcda86a89f9"}
,"/Users/ahmedozdogan/Desktop/Github/helphub-web/helphub-webapp/components/ui/CategoryCard.tsx": {"path":"/Users/ahmedozdogan/Desktop/Github/helphub-web/helphub-webapp/components/ui/CategoryCard.tsx","statementMap":{"0":{"start":{"line":9,"column":4},"end":{"line":23,"column":6}}},"fnMap":{"0":{"name":"CategoryCard","decl":{"start":{"line":8,"column":9},"end":{"line":8,"column":21}},"loc":{"start":{"line":8,"column":59},"end":{"line":24,"column":1}},"line":8}},"branchMap":{},"s":{"0":24},"f":{"0":24},"b":{},"_coverageSchema":"1a1c01bbd47fc00a2c39e90264f33305004495a9","hash":"f9db713125813344227b47b49ac885ad828fed0c"}
,"/Users/ahmedozdogan/Desktop/Github/helphub-web/helphub-webapp/components/ui/MenuDropdown.tsx": {"path":"/Users/ahmedozdogan/Desktop/Github/helphub-web/helphub-webapp/components/ui/MenuDropdown.tsx","statementMap":{"0":{"start":{"line":10,"column":4},"end":{"line":28,"column":6}}},"fnMap":{"0":{"name":"MenuDropdown","decl":{"start":{"line":9,"column":9},"end":{"line":9,"column":21}},"loc":{"start":{"line":9,"column":107},"end":{"line":29,"column":1}},"line":9}},"branchMap":{"0":{"loc":{"start":{"line":15,"column":17},"end":{"line":18,"column":13}},"type":"binary-expr","locations":[{"start":{"line":15,"column":17},"end":{"line":15,"column":38}},{"start":{"line":15,"column":42},"end":{"line":18,"column":13}}],"line":15}},"s":{"0":396},"f":{"0":396},"b":{"0":[396,128]},"_coverageSchema":"1a1c01bbd47fc00a2c39e90264f33305004495a9","hash":"b2c71a892f00d2957e7e43d326e9940a26623435"}
,"/Users/ahmedozdogan/Desktop/Github/helphub-web/helphub-webapp/components/ui/MenuLink.tsx": {"path":"/Users/ahmedozdogan/Desktop/Github/helphub-web/helphub-webapp/components/ui/MenuLink.tsx","statementMap":{"0":{"start":{"line":8,"column":4},"end":{"line":15,"column":16}}},"fnMap":{"0":{"name":"MenuLink","decl":{"start":{"line":7,"column":9},"end":{"line":7,"column":17}},"loc":{"start":{"line":7,"column":43},"end":{"line":16,"column":1}},"line":7}},"branchMap":{},"s":{"0":297},"f":{"0":297},"b":{},"_coverageSchema":"1a1c01bbd47fc00a2c39e90264f33305004495a9","hash":"bcfe53ca085c9403c3e7bbd5a4a5f0b5b8f3ab83"}
,"/Users/ahmedozdogan/Desktop/Github/helphub-web/helphub-webapp/components/ui/RedButton.tsx": {"path":"/Users/ahmedozdogan/Desktop/Github/helphub-web/helphub-webapp/components/ui/RedButton.tsx","statementMap":{"0":{"start":{"line":27,"column":4},"end":{"line":36,"column":22}}},"fnMap":{"0":{"name":"RedButton","decl":{"start":{"line":18,"column":9},"end":{"line":18,"column":18}},"loc":{"start":{"line":26,"column":19},"end":{"line":37,"column":1}},"line":26}},"branchMap":{"0":{"loc":{"start":{"line":30,"column":65},"end":{"line":30,"column":90}},"type":"cond-expr","locations":[{"start":{"line":30,"column":73},"end":{"line":30,"column":81}},{"start":{"line":30,"column":84},"end":{"line":30,"column":90}}],"line":30},"1":{"loc":{"start":{"line":34,"column":13},"end":{"line":34,"column":154}},"type":"binary-expr","locations":[{"start":{"line":34,"column":13},"end":{"line":34,"column":17}},{"start":{"line":34,"column":21},"end":{"line":34,"column":154}}],"line":34},"2":{"loc":{"start":{"line":34,"column":72},"end":{"line":34,"column":93}},"type":"binary-expr","locations":[{"start":{"line":34,"column":72},"end":{"line":34,"column":82}},{"start":{"line":34,"column":86},"end":{"line":34,"column":93}}],"line":34},"3":{"loc":{"start":{"line":34,"column":114},"end":{"line":34,"column":148}},"type":"cond-expr","locations":[{"start":{"line":34,"column":129},"end":{"line":34,"column":143}},{"start":{"line":34,"column":146},"end":{"line":34,"column":148}}],"line":34}},"s":{"0":4},"f":{"0":4},"b":{"0":[0,4],"1":[4,4],"2":[4,4],"3":[0,4]},"_coverageSchema":"1a1c01bbd47fc00a2c39e90264f33305004495a9","hash":"390e749912387b096fcbb9a89eb00f477d63bc4b"}
,"/Users/ahmedozdogan/Desktop/Github/helphub-web/helphub-webapp/components/ui/StepCard.tsx": {"path":"/Users/ahmedozdogan/Desktop/Github/helphub-web/helphub-webapp/components/ui/StepCard.tsx","statementMap":{"0":{"start":{"line":17,"column":4},"end":{"line":41,"column":6}}},"fnMap":{"0":{"name":"StepCard","decl":{"start":{"line":4,"column":9},"end":{"line":4,"column":17}},"loc":{"start":{"line":16,"column":3},"end":{"line":42,"column":1}},"line":16}},"branchMap":{"0":{"loc":{"start":{"line":9,"column":4},"end":{"line":9,"column":22}},"type":"default-arg","locations":[{"start":{"line":9,"column":17},"end":{"line":9,"column":22}}],"line":9},"1":{"loc":{"start":{"line":18,"column":121},"end":{"line":18,"column":205}},"type":"cond-expr","locations":[{"start":{"line":18,"column":134},"end":{"line":18,"column":175}},{"start":{"line":18,"column":178},"end":{"line":18,"column":205}}],"line":18},"2":{"loc":{"start":{"line":20,"column":13},"end":{"line":24,"column":13}},"type":"cond-expr","locations":[{"start":{"line":20,"column":26},"end":{"line":20,"column":30}},{"start":{"line":21,"column":16},"end":{"line":23,"column":23}}],"line":20},"3":{"loc":{"start":{"line":27,"column":130},"end":{"line":27,"column":169}},"type":"cond-expr","locations":[{"start":{"line":27,"column":143},"end":{"line":27,"column":155}},{"start":{"line":27,"column":158},"end":{"line":27,"column":169}}],"line":27},"4":{"loc":{"start":{"line":28,"column":89},"end":{"line":28,"column":123}},"type":"cond-expr","locations":[{"start":{"line":28,"column":102},"end":{"line":28,"column":111}},{"start":{"line":28,"column":114},"end":{"line":28,"column":123}}],"line":28},"5":{"loc":{"start":{"line":37,"column":40},"end":{"line":37,"column":80}},"type":"cond-expr","locations":[{"start":{"line":37,"column":53},"end":{"line":37,"column":66}},{"start":{"line":37,"column":69},"end":{"line":37,"column":80}}],"line":37}},"s":{"0":64},"f":{"0":64},"b":{"0":[20],"1":[44,20],"2":[44,20],"3":[44,20],"4":[44,20],"5":[44,20]},"_coverageSchema":"1a1c01bbd47fc00a2c39e90264f33305004495a9","hash":"71b5a8ed03b2b1ec680cb2a95b727716117c093f"}
,"/Users/ahmedozdogan/Desktop/Github/helphub-web/helphub-webapp/data/megaMenuData.ts": {"path":"/Users/ahmedozdogan/Desktop/Github/helphub-web/helphub-webapp/data/megaMenuData.ts","statementMap":{"0":{"start":{"line":13,"column":35},"end":{"line":70,"column":10}}},"fnMap":{},"branchMap":{},"s":{"0":1},"f":{},"b":{},"_coverageSchema":"1a1c01bbd47fc00a2c39e90264f33305004495a9","hash":"92aea608113030518e6aa5d121e3a9f1edfa6463"}
}
