TN:
SF:assets/popularCategories/astrology.webp
FNF:0
FNH:0
DA:1,1
LF:1
LH:1
BRF:0
BRH:0
end_of_record
TN:
SF:assets/popularCategories/child.webp
FNF:0
FNH:0
DA:1,1
LF:1
LH:1
BRF:0
BRH:0
end_of_record
TN:
SF:assets/popularCategories/dietician.webp
FNF:0
FNH:0
DA:1,1
LF:1
LH:1
BRF:0
BRH:0
end_of_record
TN:
SF:assets/popularCategories/family.webp
FNF:0
FNH:0
DA:1,1
LF:1
LH:1
BRF:0
BRH:0
end_of_record
TN:
SF:assets/popularCategories/lifeCoach.webp
FNF:0
FNH:0
DA:1,1
LF:1
LH:1
BRF:0
BRH:0
end_of_record
TN:
SF:assets/popularCategories/psychology.webp
FNF:0
FNH:0
DA:1,1
LF:1
LH:1
BRF:0
BRH:0
end_of_record
TN:
SF:assets/slider/slider1-mobile.webp
FNF:0
FNH:0
DA:1,1
LF:1
LH:1
BRF:0
BRH:0
end_of_record
TN:
SF:assets/slider/slider1.webp
FNF:0
FNH:0
DA:1,1
LF:1
LH:1
BRF:0
BRH:0
end_of_record
TN:
SF:assets/slider/slider2-mobile.webp
FNF:0
FNH:0
DA:1,1
LF:1
LH:1
BRF:0
BRH:0
end_of_record
TN:
SF:assets/slider/slider2.webp
FNF:0
FNH:0
DA:1,1
LF:1
LH:1
BRF:0
BRH:0
end_of_record
TN:
SF:assets/slider/slider3-mobile.webp
FNF:0
FNH:0
DA:1,1
LF:1
LH:1
BRF:0
BRH:0
end_of_record
TN:
SF:assets/slider/slider3.webp
FNF:0
FNH:0
DA:1,1
LF:1
LH:1
BRF:0
BRH:0
end_of_record
TN:
SF:assets/slider/slider4-mobile.webp
FNF:0
FNH:0
DA:1,1
LF:1
LH:1
BRF:0
BRH:0
end_of_record
TN:
SF:assets/slider/slider4.webp
FNF:0
FNH:0
DA:1,1
LF:1
LH:1
BRF:0
BRH:0
end_of_record
TN:
SF:assets/slider/slider5.webp
FNF:0
FNH:0
DA:1,1
LF:1
LH:1
BRF:0
BRH:0
end_of_record
TN:
SF:components/Advantages.tsx
FN:5,Advantages
FNF:1
FNH:1
FNDA:11,Advantages
DA:6,11
LF:1
LH:1
BRF:0
BRH:0
end_of_record
TN:
SF:components/Companies.tsx
FN:4,Companies
FNF:1
FNH:1
FNDA:11,Companies
DA:5,11
LF:1
LH:1
BRF:0
BRH:0
end_of_record
TN:
SF:components/Details.tsx
FN:3,Details
FNF:1
FNH:1
FNDA:5,Details
DA:4,5
LF:1
LH:1
BRF:0
BRH:0
end_of_record
TN:
SF:components/Footer.tsx
FN:7,Footer
FNF:1
FNH:1
FNDA:22,Footer
DA:8,22
LF:1
LH:1
BRDA:9,0,0,21
BRDA:9,0,1,1
BRDA:79,1,0,21
BRDA:79,1,1,1
BRF:4
BRH:4
end_of_record
TN:
SF:components/HowItWorks.tsx
FN:4,HowItWorks
FNF:1
FNH:1
FNDA:5,HowItWorks
DA:5,5
LF:1
LH:1
BRF:0
BRH:0
end_of_record
TN:
SF:components/Navbar.tsx
FN:14,Navbar
FN:30,(anonymous_1)
FN:40,(anonymous_2)
FN:41,(anonymous_3)
FN:51,(anonymous_4)
FN:60,(anonymous_5)
FN:61,(anonymous_6)
FN:94,(anonymous_7)
FN:95,(anonymous_8)
FN:99,(anonymous_9)
FN:103,(anonymous_10)
FN:127,(anonymous_11)
FN:208,(anonymous_12)
FN:228,(anonymous_13)
FN:275,(anonymous_14)
FN:283,(anonymous_15)
FN:291,(anonymous_16)
FN:298,(anonymous_17)
FN:320,(anonymous_18)
FN:325,(anonymous_19)
FN:336,(anonymous_20)
FN:362,(anonymous_21)
FN:385,(anonymous_22)
FN:430,(anonymous_23)
FN:449,(anonymous_24)
FN:480,(anonymous_25)
FN:481,(anonymous_26)
FN:487,(anonymous_27)
FN:514,(anonymous_28)
FN:528,(anonymous_29)
FN:539,(anonymous_30)
FN:561,(anonymous_31)
FN:566,(anonymous_32)
FN:575,(anonymous_33)
FN:579,(anonymous_34)
FN:606,(anonymous_35)
FN:618,(anonymous_36)
FN:630,(anonymous_37)
FNF:38
FNH:25
FNDA:54,Navbar
FNDA:0,(anonymous_1)
FNDA:0,(anonymous_2)
FNDA:0,(anonymous_3)
FNDA:4,(anonymous_4)
FNDA:4,(anonymous_5)
FNDA:4,(anonymous_6)
FNDA:5,(anonymous_7)
FNDA:5,(anonymous_8)
FNDA:35,(anonymous_9)
FNDA:35,(anonymous_10)
FNDA:0,(anonymous_11)
FNDA:0,(anonymous_12)
FNDA:0,(anonymous_13)
FNDA:1,(anonymous_14)
FNDA:1,(anonymous_15)
FNDA:1,(anonymous_16)
FNDA:1,(anonymous_17)
FNDA:0,(anonymous_18)
FNDA:12,(anonymous_19)
FNDA:44,(anonymous_20)
FNDA:12,(anonymous_21)
FNDA:4,(anonymous_22)
FNDA:1,(anonymous_23)
FNDA:1,(anonymous_24)
FNDA:0,(anonymous_25)
FNDA:1,(anonymous_26)
FNDA:0,(anonymous_27)
FNDA:1,(anonymous_28)
FNDA:60,(anonymous_29)
FNDA:5,(anonymous_30)
FNDA:12,(anonymous_31)
FNDA:0,(anonymous_32)
FNDA:60,(anonymous_33)
FNDA:0,(anonymous_34)
FNDA:1,(anonymous_35)
FNDA:0,(anonymous_36)
FNDA:0,(anonymous_37)
DA:15,54
DA:18,54
DA:21,54
DA:24,54
DA:27,54
DA:30,54
DA:31,0
DA:32,0
DA:33,0
DA:35,0
DA:36,0
DA:40,54
DA:41,0
DA:42,0
DA:44,0
DA:48,54
DA:51,54
DA:52,4
DA:53,0
DA:54,0
DA:56,4
DA:60,54
DA:61,4
DA:62,4
DA:67,54
DA:68,54
DA:70,54
DA:94,54
DA:95,5
DA:99,54
DA:100,35
DA:102,35
DA:103,35
DA:106,0
DA:107,0
DA:108,0
DA:110,0
DA:111,0
DA:112,0
DA:113,0
DA:114,0
DA:116,0
DA:117,0
DA:118,0
DA:119,0
DA:120,0
DA:123,0
DA:124,0
DA:127,0
DA:128,0
DA:130,0
DA:131,0
DA:132,0
DA:133,0
DA:136,0
DA:137,0
DA:141,54
DA:209,0
DA:210,0
DA:228,0
DA:275,1
DA:283,1
DA:291,1
DA:298,1
DA:320,0
DA:326,12
DA:337,44
DA:362,12
DA:385,4
DA:431,1
DA:432,1
DA:450,1
DA:451,1
DA:480,0
DA:481,1
DA:487,0
DA:514,1
DA:529,60
DA:531,60
DA:539,5
DA:562,12
DA:566,0
DA:576,60
DA:579,0
DA:606,1
DA:618,0
DA:630,0
LF:87
LH:44
BRDA:31,0,0,0
BRDA:31,0,1,0
BRDA:52,1,0,0
BRDA:52,1,1,4
BRDA:95,2,0,1
BRDA:95,2,1,4
BRDA:102,3,0,35
BRDA:102,3,1,0
BRDA:102,4,0,35
BRDA:102,4,1,5
BRDA:116,5,0,0
BRDA:116,5,1,0
BRDA:117,6,0,0
BRDA:117,6,1,0
BRDA:130,7,0,0
BRDA:130,7,1,0
BRDA:131,8,0,0
BRDA:131,8,1,0
BRDA:132,9,0,0
BRDA:132,9,1,0
BRDA:133,10,0,0
BRDA:133,10,1,0
BRDA:173,11,0,54
BRDA:173,11,1,13
BRDA:187,12,0,0
BRDA:187,12,1,54
BRDA:190,13,0,0
BRDA:190,13,1,54
BRDA:197,14,0,0
BRDA:197,14,1,54
BRDA:200,15,0,0
BRDA:200,15,1,0
BRDA:315,16,0,4
BRDA:315,16,1,50
BRDA:315,17,0,54
BRDA:315,17,1,4
BRDA:319,18,0,4
BRDA:319,18,1,4
BRDA:360,19,0,15
BRDA:360,19,1,39
BRDA:365,20,0,15
BRDA:365,20,1,39
BRDA:406,21,0,39
BRDA:406,21,1,15
BRDA:419,22,0,13
BRDA:419,22,1,26
BRDA:420,23,0,13
BRDA:420,23,1,26
BRDA:426,24,0,3
BRDA:426,24,1,51
BRDA:466,25,0,15
BRDA:466,25,1,39
BRDA:470,26,0,0
BRDA:470,26,1,15
BRDA:496,27,0,0
BRDA:496,27,1,15
BRDA:553,28,0,4
BRDA:553,28,1,56
BRDA:559,29,0,4
BRDA:559,29,1,56
BRF:60
BRH:37
end_of_record
TN:
SF:components/Numbers.tsx
FN:3,Numbers
FNF:1
FNH:1
FNDA:8,Numbers
DA:5,8
LF:1
LH:1
BRF:0
BRH:0
end_of_record
TN:
SF:components/PopulerCategories.tsx
FN:13,PopulerCategories
FNF:1
FNH:1
FNDA:4,PopulerCategories
DA:14,4
LF:1
LH:1
BRF:0
BRH:0
end_of_record
TN:
SF:components/Slider.tsx
FN:35,Slider
FN:60,(anonymous_1)
FN:63,(anonymous_2)
FN:68,(anonymous_3)
FN:76,(anonymous_4)
FN:88,(anonymous_5)
FN:100,(anonymous_6)
FN:107,(anonymous_7)
FN:117,(anonymous_8)
FN:128,(anonymous_9)
FN:135,(anonymous_10)
FN:147,(anonymous_11)
FN:155,(anonymous_12)
FN:162,(anonymous_13)
FN:165,(anonymous_14)
FN:169,(anonymous_15)
FN:174,(anonymous_16)
FN:197,(anonymous_17)
FN:206,(anonymous_18)
FN:213,(anonymous_19)
FN:221,(anonymous_20)
FN:229,(anonymous_21)
FN:235,(anonymous_22)
FN:236,(anonymous_23)
FN:250,(anonymous_24)
FN:255,(anonymous_25)
FN:277,(anonymous_26)
FN:305,(anonymous_27)
FN:315,(anonymous_28)
FNF:29
FNH:21
FNDA:20,Slider
FNDA:14,(anonymous_1)
FNDA:0,(anonymous_2)
FNDA:30,(anonymous_3)
FNDA:7,(anonymous_4)
FNDA:5,(anonymous_5)
FNDA:5,(anonymous_6)
FNDA:2,(anonymous_7)
FNDA:1,(anonymous_8)
FNDA:2,(anonymous_9)
FNDA:0,(anonymous_10)
FNDA:0,(anonymous_11)
FNDA:0,(anonymous_12)
FNDA:20,(anonymous_13)
FNDA:0,(anonymous_14)
FNDA:0,(anonymous_15)
FNDA:0,(anonymous_16)
FNDA:0,(anonymous_17)
FNDA:11,(anonymous_18)
FNDA:1,(anonymous_19)
FNDA:15,(anonymous_20)
FNDA:7,(anonymous_21)
FNDA:8,(anonymous_22)
FNDA:8,(anonymous_23)
FNDA:1,(anonymous_24)
FNDA:1,(anonymous_25)
FNDA:61,(anonymous_26)
FNDA:89,(anonymous_27)
FNDA:2,(anonymous_28)
DA:27,1
DA:28,1
DA:31,1
DA:32,1
DA:33,1
DA:37,20
DA:39,20
DA:41,20
DA:43,20
DA:45,20
DA:49,20
DA:54,20
DA:56,20
DA:58,20
DA:60,20
DA:63,20
DA:64,0
DA:68,20
DA:69,30
DA:70,11
DA:71,11
DA:76,20
DA:77,7
DA:79,7
DA:80,0
DA:83,7
DA:84,7
DA:88,20
DA:89,5
DA:90,0
DA:93,5
DA:95,5
DA:101,5
DA:102,5
DA:107,20
DA:108,2
DA:109,0
DA:112,2
DA:113,2
DA:117,20
DA:118,1
DA:119,0
DA:122,1
DA:123,1
DA:124,1
DA:128,20
DA:129,2
DA:130,0
DA:133,2
DA:134,0
DA:135,0
DA:136,0
DA:138,0
DA:141,2
DA:142,2
DA:143,2
DA:147,20
DA:148,0
DA:149,0
DA:152,0
DA:153,0
DA:155,0
DA:156,0
DA:161,20
DA:163,20
DA:166,0
DA:170,0
DA:171,0
DA:175,0
DA:176,0
DA:177,0
DA:180,0
DA:182,0
DA:183,0
DA:184,0
DA:185,0
DA:186,0
DA:188,0
DA:191,0
DA:194,0
DA:198,0
DA:199,0
DA:206,20
DA:207,11
DA:209,11
DA:210,0
DA:213,11
DA:214,1
DA:215,1
DA:221,20
DA:222,15
DA:223,8
DA:226,7
DA:227,7
DA:229,7
DA:230,7
DA:235,20
DA:236,8
DA:237,8
DA:242,20
DA:251,1
DA:252,1
DA:253,1
DA:256,1
DA:257,1
DA:258,0
DA:260,1
DA:262,1
DA:278,61
DA:306,89
DA:308,89
DA:316,2
DA:317,2
DA:318,2
LF:114
LH:79
BRDA:49,0,0,20
BRDA:49,0,1,0
BRDA:49,1,0,20
BRDA:49,1,1,20
BRDA:49,1,2,0
BRDA:54,2,0,20
BRDA:54,2,1,12
BRDA:58,3,0,11
BRDA:58,3,1,9
BRDA:69,4,0,11
BRDA:69,4,1,19
BRDA:79,5,0,0
BRDA:79,5,1,7
BRDA:79,6,0,7
BRDA:79,6,1,7
BRDA:89,7,0,0
BRDA:89,7,1,5
BRDA:89,8,0,5
BRDA:89,8,1,5
BRDA:108,9,0,0
BRDA:108,9,1,2
BRDA:108,10,0,2
BRDA:108,10,1,2
BRDA:118,11,0,0
BRDA:118,11,1,1
BRDA:122,12,0,0
BRDA:122,12,1,1
BRDA:129,13,0,0
BRDA:129,13,1,2
BRDA:133,14,0,0
BRDA:133,14,1,2
BRDA:148,15,0,0
BRDA:148,15,1,0
BRDA:166,16,0,0
BRDA:166,16,1,0
BRDA:166,16,2,0
BRDA:175,17,0,0
BRDA:175,17,1,0
BRDA:175,18,0,0
BRDA:175,18,1,0
BRDA:182,19,0,0
BRDA:182,19,1,0
BRDA:184,20,0,0
BRDA:184,20,1,0
BRDA:185,21,0,0
BRDA:185,21,1,0
BRDA:209,22,0,0
BRDA:209,22,1,11
BRDA:214,23,0,1
BRDA:214,23,1,0
BRDA:222,24,0,8
BRDA:222,24,1,7
BRDA:247,25,0,12
BRDA:247,25,1,8
BRDA:248,26,0,20
BRDA:248,26,1,0
BRDA:257,27,0,0
BRDA:257,27,1,1
BRDA:267,28,0,12
BRDA:267,28,1,8
BRDA:320,29,0,20
BRDA:320,29,1,69
BRF:62
BRH:34
end_of_record
TN:
SF:components/ui/CategoryCard.tsx
FN:8,CategoryCard
FNF:1
FNH:1
FNDA:24,CategoryCard
DA:9,24
LF:1
LH:1
BRF:0
BRH:0
end_of_record
TN:
SF:components/ui/MenuDropdown.tsx
FN:9,MenuDropdown
FNF:1
FNH:1
FNDA:216,MenuDropdown
DA:10,216
LF:1
LH:1
BRDA:15,0,0,216
BRDA:15,0,1,52
BRF:2
BRH:2
end_of_record
TN:
SF:components/ui/MenuLink.tsx
FN:7,MenuLink
FNF:1
FNH:1
FNDA:162,MenuLink
DA:8,162
LF:1
LH:1
BRF:0
BRH:0
end_of_record
TN:
SF:components/ui/RedButton.tsx
FN:14,RedButton
FNF:1
FNH:1
FNDA:4,RedButton
DA:15,4
LF:1
LH:1
BRDA:15,0,0,0
BRDA:15,0,1,4
BRDA:16,1,0,4
BRDA:16,1,1,4
BRDA:16,2,0,4
BRDA:16,2,1,4
BRF:6
BRH:5
end_of_record
TN:
SF:components/ui/StepCard.tsx
FN:4,StepCard
FNF:1
FNH:1
FNDA:64,StepCard
DA:17,64
LF:1
LH:1
BRDA:9,0,0,20
BRDA:18,1,0,44
BRDA:18,1,1,20
BRDA:20,2,0,44
BRDA:20,2,1,20
BRDA:27,3,0,44
BRDA:27,3,1,20
BRDA:28,4,0,44
BRDA:28,4,1,20
BRDA:37,5,0,44
BRDA:37,5,1,20
BRF:11
BRH:11
end_of_record
TN:
SF:data/megaMenuData.ts
FNF:0
FNH:0
DA:13,1
LF:1
LH:1
BRF:0
BRH:0
end_of_record
