TN:
SF:assets/popularCategories/astrology.webp
FNF:0
FNH:0
DA:1,1
LF:1
LH:1
BRF:0
BRH:0
end_of_record
TN:
SF:assets/popularCategories/child.webp
FNF:0
FNH:0
DA:1,1
LF:1
LH:1
BRF:0
BRH:0
end_of_record
TN:
SF:assets/popularCategories/dietician.webp
FNF:0
FNH:0
DA:1,1
LF:1
LH:1
BRF:0
BRH:0
end_of_record
TN:
SF:assets/popularCategories/family.webp
FNF:0
FNH:0
DA:1,1
LF:1
LH:1
BRF:0
BRH:0
end_of_record
TN:
SF:assets/popularCategories/lifeCoach.webp
FNF:0
FNH:0
DA:1,1
LF:1
LH:1
BRF:0
BRH:0
end_of_record
TN:
SF:assets/popularCategories/psychology.webp
FNF:0
FNH:0
DA:1,1
LF:1
LH:1
BRF:0
BRH:0
end_of_record
TN:
SF:assets/slider/slider1-mobile.webp
FNF:0
FNH:0
DA:1,1
LF:1
LH:1
BRF:0
BRH:0
end_of_record
TN:
SF:assets/slider/slider1.webp
FNF:0
FNH:0
DA:1,1
LF:1
LH:1
BRF:0
BRH:0
end_of_record
TN:
SF:assets/slider/slider2-mobile.webp
FNF:0
FNH:0
DA:1,1
LF:1
LH:1
BRF:0
BRH:0
end_of_record
TN:
SF:assets/slider/slider2.webp
FNF:0
FNH:0
DA:1,1
LF:1
LH:1
BRF:0
BRH:0
end_of_record
TN:
SF:assets/slider/slider3-mobile.webp
FNF:0
FNH:0
DA:1,1
LF:1
LH:1
BRF:0
BRH:0
end_of_record
TN:
SF:assets/slider/slider3.webp
FNF:0
FNH:0
DA:1,1
LF:1
LH:1
BRF:0
BRH:0
end_of_record
TN:
SF:assets/slider/slider4-mobile.webp
FNF:0
FNH:0
DA:1,1
LF:1
LH:1
BRF:0
BRH:0
end_of_record
TN:
SF:assets/slider/slider4.webp
FNF:0
FNH:0
DA:1,1
LF:1
LH:1
BRF:0
BRH:0
end_of_record
TN:
SF:assets/slider/slider5.webp
FNF:0
FNH:0
DA:1,1
LF:1
LH:1
BRF:0
BRH:0
end_of_record
TN:
SF:components/Advantages.tsx
FN:6,Advantages
FNF:1
FNH:1
FNDA:11,Advantages
DA:7,11
DA:8,11
LF:2
LH:2
BRF:0
BRH:0
end_of_record
TN:
SF:components/Companies.tsx
FN:5,Companies
FNF:1
FNH:1
FNDA:11,Companies
DA:6,11
DA:7,11
LF:2
LH:2
BRF:0
BRH:0
end_of_record
TN:
SF:components/Details.tsx
FN:3,Details
FNF:1
FNH:1
FNDA:5,Details
DA:4,5
DA:5,5
LF:2
LH:2
BRF:0
BRH:0
end_of_record
TN:
SF:components/Footer.tsx
FN:8,Footer
FNF:1
FNH:1
FNDA:22,Footer
DA:9,22
DA:11,22
LF:2
LH:2
BRDA:12,0,0,21
BRDA:12,0,1,1
BRDA:82,1,0,21
BRDA:82,1,1,1
BRF:4
BRH:4
end_of_record
TN:
SF:components/HowItWorks.tsx
FN:5,HowItWorks
FNF:1
FNH:1
FNDA:5,HowItWorks
DA:6,5
DA:7,5
LF:2
LH:2
BRF:0
BRH:0
end_of_record
TN:
SF:components/LanguageMenu.tsx
FN:22,LanguageMenu
FN:25,(anonymous_1)
FN:26,(anonymous_2)
FN:32,(anonymous_3)
FN:45,(anonymous_4)
FN:52,(anonymous_5)
FN:71,(anonymous_6)
FN:110,(anonymous_7)
FN:115,(anonymous_8)
FN:116,(anonymous_9)
FNF:10
FNH:10
FNDA:297,LanguageMenu
FNDA:117,(anonymous_1)
FNDA:117,(anonymous_2)
FNDA:21,(anonymous_3)
FNDA:117,(anonymous_4)
FNDA:117,(anonymous_5)
FNDA:2,(anonymous_6)
FNDA:10,(anonymous_7)
FNDA:1,(anonymous_8)
FNDA:1,(anonymous_9)
DA:7,1
DA:23,297
DA:25,297
DA:26,117
DA:27,117
DA:28,117
DA:30,117
DA:32,21
DA:35,3
DA:38,0
DA:42,117
DA:45,297
DA:48,117
DA:50,117
DA:52,117
DA:58,297
DA:71,2
DA:111,10
DA:116,1
DA:117,1
DA:118,1
DA:119,1
DA:120,1
DA:122,0
LF:24
LH:22
BRDA:30,0,0,3
BRDA:30,0,1,114
BRDA:31,1,0,117
BRDA:31,1,1,6
BRDA:31,1,2,3
BRDA:48,2,0,117
BRDA:48,2,1,0
BRDA:51,3,0,117
BRDA:51,3,1,0
BRDA:73,4,0,198
BRDA:73,4,1,99
BRDA:96,5,0,2
BRDA:96,5,1,97
BRDA:104,6,0,2
BRDA:104,6,1,295
BRDA:107,7,0,0
BRDA:107,7,1,2
BRDA:128,8,0,0
BRDA:128,8,1,10
BRF:19
BRH:15
end_of_record
TN:
SF:components/Navbar.tsx
FN:16,Navbar
FN:36,(anonymous_1)
FN:46,(anonymous_2)
FN:47,(anonymous_3)
FN:57,(anonymous_4)
FN:66,(anonymous_5)
FN:67,(anonymous_6)
FN:100,(anonymous_7)
FN:101,(anonymous_8)
FN:105,(anonymous_9)
FN:109,(anonymous_10)
FN:133,(anonymous_11)
FN:192,(anonymous_12)
FN:192,(anonymous_13)
FN:221,(anonymous_14)
FN:242,(anonymous_15)
FN:318,(anonymous_16)
FN:326,(anonymous_17)
FN:334,(anonymous_18)
FN:341,(anonymous_19)
FN:363,(anonymous_20)
FN:368,(anonymous_21)
FN:379,(anonymous_22)
FN:406,(anonymous_23)
FN:431,(anonymous_24)
FN:486,(anonymous_25)
FN:506,(anonymous_26)
FN:538,(anonymous_27)
FN:539,(anonymous_28)
FN:545,(anonymous_29)
FN:572,(anonymous_30)
FN:586,(anonymous_31)
FN:597,(anonymous_32)
FN:619,(anonymous_33)
FN:624,(anonymous_34)
FN:633,(anonymous_35)
FN:637,(anonymous_36)
FN:664,(anonymous_37)
FN:676,(anonymous_38)
FN:688,(anonymous_39)
FNF:40
FNH:37
FNDA:101,Navbar
FNDA:0,(anonymous_1)
FNDA:0,(anonymous_2)
FNDA:0,(anonymous_3)
FNDA:8,(anonymous_4)
FNDA:6,(anonymous_5)
FNDA:4,(anonymous_6)
FNDA:7,(anonymous_7)
FNDA:7,(anonymous_8)
FNDA:66,(anonymous_9)
FNDA:63,(anonymous_10)
FNDA:3,(anonymous_11)
FNDA:5,(anonymous_12)
FNDA:5,(anonymous_13)
FNDA:1,(anonymous_14)
FNDA:1,(anonymous_15)
FNDA:4,(anonymous_16)
FNDA:1,(anonymous_17)
FNDA:1,(anonymous_18)
FNDA:1,(anonymous_19)
FNDA:1,(anonymous_20)
FNDA:24,(anonymous_21)
FNDA:112,(anonymous_22)
FNDA:20,(anonymous_23)
FNDA:4,(anonymous_24)
FNDA:1,(anonymous_25)
FNDA:1,(anonymous_26)
FNDA:1,(anonymous_27)
FNDA:1,(anonymous_28)
FNDA:1,(anonymous_29)
FNDA:1,(anonymous_30)
FNDA:100,(anonymous_31)
FNDA:7,(anonymous_32)
FNDA:18,(anonymous_33)
FNDA:1,(anonymous_34)
FNDA:94,(anonymous_35)
FNDA:1,(anonymous_36)
FNDA:1,(anonymous_37)
FNDA:1,(anonymous_38)
FNDA:1,(anonymous_39)
DA:17,101
DA:18,101
DA:21,101
DA:23,101
DA:24,101
DA:25,101
DA:27,101
DA:30,101
DA:33,101
DA:36,101
DA:37,0
DA:38,0
DA:39,0
DA:41,0
DA:42,0
DA:46,101
DA:47,0
DA:48,0
DA:50,0
DA:54,101
DA:57,101
DA:58,8
DA:59,2
DA:60,2
DA:62,8
DA:66,101
DA:67,6
DA:68,4
DA:73,101
DA:74,101
DA:76,101
DA:100,101
DA:101,7
DA:105,101
DA:106,66
DA:108,66
DA:109,63
DA:112,3
DA:113,3
DA:114,3
DA:116,3
DA:117,3
DA:118,3
DA:119,3
DA:120,3
DA:122,3
DA:123,1
DA:124,1
DA:125,1
DA:126,1
DA:129,1
DA:130,1
DA:133,3
DA:134,3
DA:136,3
DA:137,3
DA:138,3
DA:139,3
DA:142,3
DA:143,3
DA:147,101
DA:192,5
DA:222,1
DA:223,1
DA:243,1
DA:244,1
DA:318,4
DA:326,1
DA:334,1
DA:341,1
DA:363,1
DA:369,24
DA:380,112
DA:406,20
DA:431,4
DA:487,1
DA:488,1
DA:507,1
DA:508,1
DA:538,1
DA:539,1
DA:545,1
DA:572,1
DA:587,100
DA:589,100
DA:597,7
DA:620,18
DA:624,1
DA:634,94
DA:637,1
DA:664,1
DA:676,1
DA:688,1
LF:93
LH:85
BRDA:37,0,0,0
BRDA:37,0,1,0
BRDA:58,1,0,2
BRDA:58,1,1,6
BRDA:101,2,0,1
BRDA:101,2,1,6
BRDA:108,3,0,63
BRDA:108,3,1,3
BRDA:108,4,0,66
BRDA:108,4,1,15
BRDA:122,5,0,1
BRDA:122,5,1,2
BRDA:123,6,0,1
BRDA:123,6,1,0
BRDA:136,7,0,3
BRDA:136,7,1,0
BRDA:137,8,0,3
BRDA:137,8,1,3
BRDA:138,9,0,3
BRDA:138,9,1,3
BRDA:139,10,0,3
BRDA:139,10,1,3
BRDA:182,11,0,101
BRDA:182,11,1,34
BRDA:197,12,0,4
BRDA:197,12,1,97
BRDA:200,13,0,4
BRDA:200,13,1,97
BRDA:207,14,0,4
BRDA:207,14,1,97
BRDA:210,15,0,4
BRDA:210,15,1,4
BRDA:358,16,0,8
BRDA:358,16,1,93
BRDA:358,17,0,101
BRDA:358,17,1,8
BRDA:362,18,0,8
BRDA:362,18,1,8
BRDA:404,19,0,25
BRDA:404,19,1,76
BRDA:409,20,0,25
BRDA:409,20,1,76
BRDA:460,21,0,76
BRDA:460,21,1,25
BRDA:462,22,0,32
BRDA:462,22,1,44
BRDA:474,23,0,32
BRDA:474,23,1,44
BRDA:475,24,0,32
BRDA:475,24,1,44
BRDA:481,25,0,3
BRDA:481,25,1,98
BRDA:523,26,0,25
BRDA:523,26,1,76
BRDA:528,27,0,2
BRDA:528,27,1,23
BRDA:554,28,0,2
BRDA:554,28,1,23
BRDA:611,29,0,6
BRDA:611,29,1,94
BRDA:617,30,0,6
BRDA:617,30,1,94
BRF:62
BRH:58
end_of_record
TN:
SF:components/Numbers.tsx
FN:4,Numbers
FNF:1
FNH:1
FNDA:8,Numbers
DA:5,8
DA:7,8
LF:2
LH:2
BRF:0
BRH:0
end_of_record
TN:
SF:components/PopulerCategories.tsx
FN:14,PopulerCategories
FNF:1
FNH:1
FNDA:4,PopulerCategories
DA:15,4
DA:16,4
LF:2
LH:2
BRF:0
BRH:0
end_of_record
TN:
SF:components/Slider.tsx
FN:35,Slider
FN:60,(anonymous_1)
FN:63,(anonymous_2)
FN:68,(anonymous_3)
FN:76,(anonymous_4)
FN:88,(anonymous_5)
FN:100,(anonymous_6)
FN:107,(anonymous_7)
FN:117,(anonymous_8)
FN:128,(anonymous_9)
FN:135,(anonymous_10)
FN:147,(anonymous_11)
FN:155,(anonymous_12)
FN:162,(anonymous_13)
FN:165,(anonymous_14)
FN:169,(anonymous_15)
FN:174,(anonymous_16)
FN:197,(anonymous_17)
FN:206,(anonymous_18)
FN:213,(anonymous_19)
FN:221,(anonymous_20)
FN:229,(anonymous_21)
FN:235,(anonymous_22)
FN:236,(anonymous_23)
FN:250,(anonymous_24)
FN:255,(anonymous_25)
FN:277,(anonymous_26)
FN:305,(anonymous_27)
FN:315,(anonymous_28)
FNF:29
FNH:26
FNDA:51,Slider
FNDA:39,(anonymous_1)
FNDA:1,(anonymous_2)
FNDA:85,(anonymous_3)
FNDA:18,(anonymous_4)
FNDA:9,(anonymous_5)
FNDA:9,(anonymous_6)
FNDA:6,(anonymous_7)
FNDA:1,(anonymous_8)
FNDA:4,(anonymous_9)
FNDA:1,(anonymous_10)
FNDA:3,(anonymous_11)
FNDA:1,(anonymous_12)
FNDA:51,(anonymous_13)
FNDA:8,(anonymous_14)
FNDA:0,(anonymous_15)
FNDA:0,(anonymous_16)
FNDA:0,(anonymous_17)
FNDA:31,(anonymous_18)
FNDA:1,(anonymous_19)
FNDA:41,(anonymous_20)
FNDA:18,(anonymous_21)
FNDA:23,(anonymous_22)
FNDA:23,(anonymous_23)
FNDA:3,(anonymous_24)
FNDA:4,(anonymous_25)
FNDA:142,(anonymous_26)
FNDA:229,(anonymous_27)
FNDA:6,(anonymous_28)
DA:27,1
DA:28,1
DA:31,1
DA:32,1
DA:33,1
DA:37,51
DA:39,51
DA:41,51
DA:43,51
DA:45,51
DA:49,51
DA:54,51
DA:56,51
DA:58,51
DA:60,51
DA:63,51
DA:64,1
DA:68,51
DA:69,85
DA:70,28
DA:71,28
DA:76,51
DA:77,18
DA:79,18
DA:80,0
DA:83,18
DA:84,18
DA:88,51
DA:89,9
DA:90,0
DA:93,9
DA:95,9
DA:101,9
DA:102,9
DA:107,51
DA:108,6
DA:109,2
DA:112,4
DA:113,4
DA:117,51
DA:118,1
DA:119,0
DA:122,1
DA:123,1
DA:124,1
DA:128,51
DA:129,4
DA:130,1
DA:133,3
DA:134,1
DA:135,1
DA:136,1
DA:138,1
DA:141,2
DA:142,2
DA:143,2
DA:147,51
DA:148,3
DA:149,1
DA:152,2
DA:153,2
DA:155,2
DA:156,1
DA:161,51
DA:163,51
DA:166,8
DA:170,0
DA:171,0
DA:175,0
DA:176,0
DA:177,0
DA:180,0
DA:182,0
DA:183,0
DA:184,0
DA:185,0
DA:186,0
DA:188,0
DA:191,0
DA:194,0
DA:198,0
DA:199,0
DA:206,51
DA:207,31
DA:209,31
DA:210,3
DA:213,28
DA:214,1
DA:215,1
DA:221,51
DA:222,41
DA:223,23
DA:226,18
DA:227,18
DA:229,18
DA:230,18
DA:235,51
DA:236,23
DA:237,23
DA:242,51
DA:251,3
DA:252,3
DA:253,3
DA:256,4
DA:257,4
DA:258,3
DA:260,1
DA:262,4
DA:278,142
DA:306,229
DA:308,229
DA:316,6
DA:317,6
DA:318,6
LF:114
LH:95
BRDA:49,0,0,51
BRDA:49,0,1,0
BRDA:49,1,0,51
BRDA:49,1,1,51
BRDA:49,1,2,0
BRDA:54,2,0,51
BRDA:54,2,1,28
BRDA:58,3,0,26
BRDA:58,3,1,25
BRDA:69,4,0,28
BRDA:69,4,1,57
BRDA:79,5,0,0
BRDA:79,5,1,18
BRDA:79,6,0,18
BRDA:79,6,1,18
BRDA:89,7,0,0
BRDA:89,7,1,9
BRDA:89,8,0,9
BRDA:89,8,1,9
BRDA:108,9,0,2
BRDA:108,9,1,4
BRDA:108,10,0,6
BRDA:108,10,1,5
BRDA:118,11,0,0
BRDA:118,11,1,1
BRDA:122,12,0,0
BRDA:122,12,1,1
BRDA:129,13,0,1
BRDA:129,13,1,3
BRDA:133,14,0,1
BRDA:133,14,1,2
BRDA:148,15,0,1
BRDA:148,15,1,2
BRDA:166,16,0,8
BRDA:166,16,1,8
BRDA:166,16,2,0
BRDA:175,17,0,0
BRDA:175,17,1,0
BRDA:175,18,0,0
BRDA:175,18,1,0
BRDA:182,19,0,0
BRDA:182,19,1,0
BRDA:184,20,0,0
BRDA:184,20,1,0
BRDA:185,21,0,0
BRDA:185,21,1,0
BRDA:209,22,0,3
BRDA:209,22,1,28
BRDA:214,23,0,1
BRDA:214,23,1,0
BRDA:222,24,0,23
BRDA:222,24,1,18
BRDA:247,25,0,28
BRDA:247,25,1,23
BRDA:248,26,0,51
BRDA:248,26,1,0
BRDA:257,27,0,3
BRDA:257,27,1,1
BRDA:267,28,0,28
BRDA:267,28,1,23
BRDA:286,29,0,130
BRDA:286,29,1,12
BRDA:320,30,0,51
BRDA:320,30,1,178
BRF:64
BRH:45
end_of_record
TN:
SF:components/ui/CategoryCard.tsx
FN:8,CategoryCard
FNF:1
FNH:1
FNDA:24,CategoryCard
DA:9,24
LF:1
LH:1
BRF:0
BRH:0
end_of_record
TN:
SF:components/ui/MenuDropdown.tsx
FN:9,MenuDropdown
FNF:1
FNH:1
FNDA:396,MenuDropdown
DA:10,396
LF:1
LH:1
BRDA:15,0,0,396
BRDA:15,0,1,128
BRF:2
BRH:2
end_of_record
TN:
SF:components/ui/MenuLink.tsx
FN:7,MenuLink
FNF:1
FNH:1
FNDA:297,MenuLink
DA:8,297
LF:1
LH:1
BRF:0
BRH:0
end_of_record
TN:
SF:components/ui/RedButton.tsx
FN:18,RedButton
FNF:1
FNH:1
FNDA:4,RedButton
DA:27,4
LF:1
LH:1
BRDA:30,0,0,0
BRDA:30,0,1,4
BRDA:34,1,0,4
BRDA:34,1,1,4
BRDA:34,2,0,4
BRDA:34,2,1,4
BRDA:34,3,0,0
BRDA:34,3,1,4
BRF:8
BRH:6
end_of_record
TN:
SF:components/ui/StepCard.tsx
FN:4,StepCard
FNF:1
FNH:1
FNDA:64,StepCard
DA:17,64
LF:1
LH:1
BRDA:9,0,0,20
BRDA:18,1,0,44
BRDA:18,1,1,20
BRDA:20,2,0,44
BRDA:20,2,1,20
BRDA:27,3,0,44
BRDA:27,3,1,20
BRDA:28,4,0,44
BRDA:28,4,1,20
BRDA:37,5,0,44
BRDA:37,5,1,20
BRF:11
BRH:11
end_of_record
TN:
SF:data/megaMenuData.ts
FNF:0
FNH:0
DA:13,1
LF:1
LH:1
BRF:0
BRH:0
end_of_record
